<?xml version="1.0" encoding="utf-8"?>
<!DOCTYPE coverage SYSTEM "http://cobertura.sourceforge.net/xml/coverage-04.dtd">
<coverage line-rate="0.9452054794520548" branch-rate="0.696078431372549" lines-covered="345" lines-valid="365" branches-covered="71" branches-valid="102" complexity="68" version="0" timestamp="1641363358">
  <sources />
  <packages>
    <package name="BLL" line-rate="1" branch-rate="0.9" complexity="27">
      <classes>
        <class name="BLL.Dentist" filename="D:\vs project\LabWork5\BLL\Dentist.cs" line-rate="1" branch-rate="1" complexity="NaN">
          <methods>
            <method name="DentistryLevel" signature="()" line-rate="1" branch-rate="1" complexity="NaN">
              <lines>
                <line number="12" hits="2" branch="false" />
              </lines>
            </method>
            <method name="DentistryLevel" signature="(System.String)" line-rate="1" branch-rate="1" complexity="NaN">
              <lines>
                <line number="12" hits="2" branch="false" />
              </lines>
            </method>
          </methods>
          <lines>
            <line number="12" hits="2" branch="false" />
          </lines>
        </class>
        <class name="BLL.ExceptionClass.CatchExceptions" filename="D:\vs project\LabWork5\BLL\ExceptionClass\CatchExceptions.cs" line-rate="1" branch-rate="1" complexity="NaN">
          <methods>
            <method name=".ctor" signature="(System.String)" line-rate="1" branch-rate="1" complexity="NaN">
              <lines>
                <line number="11" hits="30" branch="false" />
              </lines>
            </method>
          </methods>
          <lines>
            <line number="11" hits="30" branch="false" />
          </lines>
        </class>
        <class name="BLL.ExceptionClass.ExceptionsCheck" filename="D:\vs project\LabWork5\BLL\ExceptionClass\ExceptionsCheck.cs" line-rate="1" branch-rate="0.875" complexity="1">
          <methods>
            <method name="Sex" signature="(System.String)" line-rate="1" branch-rate="1" complexity="NaN">
              <lines>
                <line number="14" hits="6" branch="false" />
                <line number="15" hits="6" branch="false" />
                <line number="16" hits="6" branch="true" condition-coverage="100% (4/4)" />
                <line number="17" hits="5" branch="false" />
                <line number="18" hits="5" branch="false" />
                <line number="21" hits="1" branch="false" />
                <line number="22" hits="1" branch="false" />
                <line number="24" hits="6" branch="false" />
              </lines>
            </method>
            <method name="Coocking" signature="(System.String)" line-rate="1" branch-rate="1" complexity="NaN">
              <lines>
                <line number="26" hits="6" branch="false" />
                <line number="27" hits="6" branch="false" />
                <line number="28" hits="6" branch="true" condition-coverage="100% (4/4)" />
                <line number="29" hits="5" branch="false" />
                <line number="30" hits="5" branch="false" />
                <line number="33" hits="1" branch="false" />
                <line number="34" hits="1" branch="false" />
                <line number="36" hits="6" branch="false" />
              </lines>
            </method>
            <method name="Course" signature="(System.Int32)" line-rate="1" branch-rate="0.75" complexity="NaN">
              <lines>
                <line number="39" hits="6" branch="false" />
                <line number="40" hits="6" branch="true" condition-coverage="75% (3/4)" />
                <line number="41" hits="5" branch="false" />
                <line number="42" hits="5" branch="false" />
                <line number="45" hits="1" branch="false" />
                <line number="46" hits="1" branch="false" />
                <line number="48" hits="6" branch="false" />
              </lines>
            </method>
            <method name="AverageMark" signature="(System.Double)" line-rate="1" branch-rate="1" complexity="NaN">
              <lines>
                <line number="50" hits="5" branch="false" />
                <line number="51" hits="5" branch="true" condition-coverage="100% (2/2)" />
                <line number="52" hits="1" branch="false" />
                <line number="53" hits="1" branch="false" />
                <line number="55" hits="4" branch="true" condition-coverage="100% (2/2)" />
                <line number="56" hits="1" branch="false" />
                <line number="57" hits="1" branch="false" />
                <line number="60" hits="3" branch="false" />
                <line number="61" hits="3" branch="false" />
                <line number="64" hits="5" branch="false" />
              </lines>
            </method>
            <method name="Diploma" signature="(System.String)" line-rate="1" branch-rate="0.75" complexity="NaN">
              <lines>
                <line number="66" hits="4" branch="false" />
                <line number="67" hits="4" branch="true" condition-coverage="75% (3/4)" />
                <line number="68" hits="3" branch="false" />
                <line number="69" hits="3" branch="false" />
                <line number="72" hits="1" branch="false" />
                <line number="73" hits="1" branch="false" />
                <line number="75" hits="4" branch="false" />
              </lines>
            </method>
            <method name="EquipmentForEntertainment" signature="(System.String)" line-rate="1" branch-rate="0.75" complexity="NaN">
              <lines>
                <line number="77" hits="6" branch="false" />
                <line number="78" hits="6" branch="true" condition-coverage="75% (3/4)" />
                <line number="79" hits="5" branch="false" />
                <line number="80" hits="5" branch="false" />
                <line number="83" hits="1" branch="false" />
                <line number="84" hits="1" branch="false" />
                <line number="86" hits="6" branch="false" />
              </lines>
            </method>
            <method name=".cctor" signature="()" line-rate="1" branch-rate="1" complexity="1">
              <lines>
                <line number="12" hits="1" branch="false" />
                <line number="14" hits="6" branch="false" />
                <line number="15" hits="6" branch="false" />
                <line number="16" hits="6" branch="true" condition-coverage="100% (4/4)" />
                <line number="17" hits="5" branch="false" />
                <line number="18" hits="5" branch="false" />
                <line number="21" hits="1" branch="false" />
                <line number="22" hits="1" branch="false" />
                <line number="24" hits="6" branch="false" />
                <line number="26" hits="6" branch="false" />
                <line number="27" hits="6" branch="false" />
                <line number="28" hits="6" branch="true" condition-coverage="100% (4/4)" />
                <line number="29" hits="5" branch="false" />
                <line number="30" hits="5" branch="false" />
                <line number="33" hits="1" branch="false" />
                <line number="34" hits="1" branch="false" />
                <line number="36" hits="6" branch="false" />
                <line number="37" hits="1" branch="false" />
              </lines>
            </method>
          </methods>
          <lines>
            <line number="12" hits="1" branch="false" />
            <line number="14" hits="6" branch="false" />
            <line number="15" hits="6" branch="false" />
            <line number="16" hits="6" branch="true" condition-coverage="100% (4/4)" />
            <line number="17" hits="5" branch="false" />
            <line number="18" hits="5" branch="false" />
            <line number="21" hits="1" branch="false" />
            <line number="22" hits="1" branch="false" />
            <line number="24" hits="6" branch="false" />
            <line number="26" hits="6" branch="false" />
            <line number="27" hits="6" branch="false" />
            <line number="28" hits="6" branch="true" condition-coverage="100% (4/4)" />
            <line number="29" hits="5" branch="false" />
            <line number="30" hits="5" branch="false" />
            <line number="33" hits="1" branch="false" />
            <line number="34" hits="1" branch="false" />
            <line number="36" hits="6" branch="false" />
            <line number="37" hits="1" branch="false" />
            <line number="39" hits="6" branch="false" />
            <line number="40" hits="6" branch="true" condition-coverage="75% (3/4)" />
            <line number="41" hits="5" branch="false" />
            <line number="42" hits="5" branch="false" />
            <line number="45" hits="1" branch="false" />
            <line number="46" hits="1" branch="false" />
            <line number="48" hits="6" branch="false" />
            <line number="50" hits="5" branch="false" />
            <line number="51" hits="5" branch="true" condition-coverage="100% (2/2)" />
            <line number="52" hits="1" branch="false" />
            <line number="53" hits="1" branch="false" />
            <line number="55" hits="4" branch="true" condition-coverage="100% (2/2)" />
            <line number="56" hits="1" branch="false" />
            <line number="57" hits="1" branch="false" />
            <line number="60" hits="3" branch="false" />
            <line number="61" hits="3" branch="false" />
            <line number="64" hits="5" branch="false" />
            <line number="66" hits="4" branch="false" />
            <line number="67" hits="4" branch="true" condition-coverage="75% (3/4)" />
            <line number="68" hits="3" branch="false" />
            <line number="69" hits="3" branch="false" />
            <line number="72" hits="1" branch="false" />
            <line number="73" hits="1" branch="false" />
            <line number="75" hits="4" branch="false" />
            <line number="77" hits="6" branch="false" />
            <line number="78" hits="6" branch="true" condition-coverage="75% (3/4)" />
            <line number="79" hits="5" branch="false" />
            <line number="80" hits="5" branch="false" />
            <line number="83" hits="1" branch="false" />
            <line number="84" hits="1" branch="false" />
            <line number="86" hits="6" branch="false" />
          </lines>
        </class>
        <class name="BLL.FiveCoursStudents" filename="D:\vs project\LabWork5\BLL\FiveCoursStudents.cs" line-rate="1" branch-rate="0.75" complexity="NaN">
          <methods>
            <method name="CheckStudent" signature="(BLL.Student)" line-rate="1" branch-rate="0.75" complexity="NaN">
              <lines>
                <line number="12" hits="2" branch="false" />
                <line number="13" hits="2" branch="true" condition-coverage="75% (6/8)" />
                <line number="14" hits="1" branch="false" />
                <line number="15" hits="1" branch="false" />
                <line number="17" hits="1" branch="false" />
                <line number="18" hits="2" branch="false" />
              </lines>
            </method>
          </methods>
          <lines>
            <line number="12" hits="2" branch="false" />
            <line number="13" hits="2" branch="true" condition-coverage="75% (6/8)" />
            <line number="14" hits="1" branch="false" />
            <line number="15" hits="1" branch="false" />
            <line number="17" hits="1" branch="false" />
            <line number="18" hits="2" branch="false" />
          </lines>
        </class>
        <class name="BLL.Human" filename="D:\vs project\LabWork5\BLL\Human.cs" line-rate="1" branch-rate="1" complexity="NaN">
          <methods>
            <method name="Name" signature="()" line-rate="1" branch-rate="1" complexity="NaN">
              <lines>
                <line number="14" hits="8" branch="false" />
              </lines>
            </method>
            <method name="Name" signature="(System.String)" line-rate="1" branch-rate="1" complexity="NaN">
              <lines>
                <line number="14" hits="8" branch="false" />
              </lines>
            </method>
            <method name="Surname" signature="()" line-rate="1" branch-rate="1" complexity="NaN">
              <lines>
                <line number="15" hits="8" branch="false" />
              </lines>
            </method>
            <method name="Surname" signature="(System.String)" line-rate="1" branch-rate="1" complexity="NaN">
              <lines>
                <line number="15" hits="8" branch="false" />
              </lines>
            </method>
            <method name="IdentificationCode" signature="()" line-rate="1" branch-rate="1" complexity="NaN">
              <lines>
                <line number="19" hits="3" branch="false" />
                <line number="20" hits="3" branch="false" />
                <line number="21" hits="3" branch="false" />
              </lines>
            </method>
            <method name="IdentificationCode" signature="(System.String)" line-rate="1" branch-rate="1" complexity="NaN">
              <lines>
                <line number="23" hits="6" branch="false" />
                <line number="24" hits="6" branch="true" condition-coverage="100% (2/2)" />
                <line number="25" hits="5" branch="false" />
                <line number="26" hits="5" branch="false" />
                <line number="27" hits="5" branch="false" />
                <line number="29" hits="1" branch="false" />
                <line number="30" hits="1" branch="false" />
                <line number="32" hits="5" branch="false" />
              </lines>
            </method>
            <method name="Sex" signature="()" line-rate="1" branch-rate="1" complexity="NaN">
              <lines>
                <line number="36" hits="15" branch="false" />
              </lines>
            </method>
            <method name="Sex" signature="(System.String)" line-rate="1" branch-rate="1" complexity="NaN">
              <lines>
                <line number="38" hits="6" branch="false" />
                <line number="39" hits="6" branch="true" condition-coverage="100% (2/2)" />
                <line number="40" hits="5" branch="false" />
                <line number="41" hits="5" branch="false" />
                <line number="42" hits="5" branch="false" />
                <line number="44" hits="1" branch="false" />
                <line number="45" hits="1" branch="false" />
                <line number="47" hits="5" branch="false" />
              </lines>
            </method>
            <method name="Coocking" signature="()" line-rate="1" branch-rate="1" complexity="NaN">
              <lines>
                <line number="51" hits="9" branch="false" />
              </lines>
            </method>
            <method name="Coocking" signature="(System.String)" line-rate="1" branch-rate="1" complexity="NaN">
              <lines>
                <line number="53" hits="6" branch="false" />
                <line number="54" hits="6" branch="true" condition-coverage="100% (2/2)" />
                <line number="55" hits="5" branch="false" />
                <line number="56" hits="5" branch="false" />
                <line number="57" hits="5" branch="false" />
                <line number="59" hits="1" branch="false" />
                <line number="60" hits="1" branch="false" />
                <line number="62" hits="5" branch="false" />
              </lines>
            </method>
            <method name="EquipmentForEntertainment" signature="()" line-rate="1" branch-rate="1" complexity="NaN">
              <lines>
                <line number="66" hits="9" branch="false" />
              </lines>
            </method>
            <method name="EquipmentForEntertainment" signature="(System.String)" line-rate="1" branch-rate="1" complexity="NaN">
              <lines>
                <line number="68" hits="6" branch="false" />
                <line number="69" hits="6" branch="true" condition-coverage="100% (2/2)" />
                <line number="70" hits="5" branch="false" />
                <line number="71" hits="5" branch="false" />
                <line number="72" hits="5" branch="false" />
                <line number="74" hits="1" branch="false" />
                <line number="75" hits="1" branch="false" />
                <line number="77" hits="5" branch="false" />
              </lines>
            </method>
          </methods>
          <lines>
            <line number="14" hits="8" branch="false" />
            <line number="15" hits="8" branch="false" />
            <line number="19" hits="3" branch="false" />
            <line number="20" hits="3" branch="false" />
            <line number="21" hits="3" branch="false" />
            <line number="23" hits="6" branch="false" />
            <line number="24" hits="6" branch="true" condition-coverage="100% (2/2)" />
            <line number="25" hits="5" branch="false" />
            <line number="26" hits="5" branch="false" />
            <line number="27" hits="5" branch="false" />
            <line number="29" hits="1" branch="false" />
            <line number="30" hits="1" branch="false" />
            <line number="32" hits="5" branch="false" />
            <line number="36" hits="15" branch="false" />
            <line number="38" hits="6" branch="false" />
            <line number="39" hits="6" branch="true" condition-coverage="100% (2/2)" />
            <line number="40" hits="5" branch="false" />
            <line number="41" hits="5" branch="false" />
            <line number="42" hits="5" branch="false" />
            <line number="44" hits="1" branch="false" />
            <line number="45" hits="1" branch="false" />
            <line number="47" hits="5" branch="false" />
            <line number="51" hits="9" branch="false" />
            <line number="53" hits="6" branch="false" />
            <line number="54" hits="6" branch="true" condition-coverage="100% (2/2)" />
            <line number="55" hits="5" branch="false" />
            <line number="56" hits="5" branch="false" />
            <line number="57" hits="5" branch="false" />
            <line number="59" hits="1" branch="false" />
            <line number="60" hits="1" branch="false" />
            <line number="62" hits="5" branch="false" />
            <line number="66" hits="9" branch="false" />
            <line number="68" hits="6" branch="false" />
            <line number="69" hits="6" branch="true" condition-coverage="100% (2/2)" />
            <line number="70" hits="5" branch="false" />
            <line number="71" hits="5" branch="false" />
            <line number="72" hits="5" branch="false" />
            <line number="74" hits="1" branch="false" />
            <line number="75" hits="1" branch="false" />
            <line number="77" hits="5" branch="false" />
          </lines>
        </class>
        <class name="BLL.Storyteller" filename="D:\vs project\LabWork5\BLL\Storyteller.cs" line-rate="1" branch-rate="1" complexity="NaN">
          <methods>
            <method name="StoryTellLevel" signature="()" line-rate="1" branch-rate="1" complexity="NaN">
              <lines>
                <line number="13" hits="2" branch="false" />
              </lines>
            </method>
            <method name="StoryTellLevel" signature="(System.String)" line-rate="1" branch-rate="1" complexity="NaN">
              <lines>
                <line number="13" hits="2" branch="false" />
              </lines>
            </method>
          </methods>
          <lines>
            <line number="13" hits="2" branch="false" />
          </lines>
        </class>
        <class name="BLL.Student" filename="D:\vs project\LabWork5\BLL\Student.cs" line-rate="1" branch-rate="1" complexity="1">
          <methods>
            <method name="Course" signature="()" line-rate="1" branch-rate="1" complexity="NaN">
              <lines>
                <line number="22" hits="8" branch="false" />
                <line number="23" hits="8" branch="false" />
                <line number="24" hits="8" branch="false" />
              </lines>
            </method>
            <method name="Course" signature="(System.Int32)" line-rate="1" branch-rate="1" complexity="NaN">
              <lines>
                <line number="26" hits="6" branch="false" />
                <line number="27" hits="6" branch="true" condition-coverage="100% (2/2)" />
                <line number="28" hits="5" branch="false" />
                <line number="29" hits="5" branch="false" />
                <line number="30" hits="5" branch="false" />
                <line number="32" hits="1" branch="false" />
                <line number="33" hits="1" branch="false" />
                <line number="35" hits="5" branch="false" />
              </lines>
            </method>
            <method name="StudentID" signature="()" line-rate="1" branch-rate="1" complexity="NaN">
              <lines>
                <line number="39" hits="3" branch="false" />
              </lines>
            </method>
            <method name="StudentID" signature="(System.String)" line-rate="1" branch-rate="1" complexity="NaN">
              <lines>
                <line number="41" hits="4" branch="false" />
                <line number="43" hits="4" branch="true" condition-coverage="100% (2/2)" />
                <line number="44" hits="3" branch="false" />
                <line number="45" hits="3" branch="false" />
                <line number="46" hits="3" branch="false" />
                <line number="48" hits="1" branch="false" />
                <line number="49" hits="1" branch="false" />
                <line number="51" hits="3" branch="false" />
              </lines>
            </method>
            <method name="AverageMark" signature="()" line-rate="1" branch-rate="1" complexity="NaN">
              <lines>
                <line number="57" hits="3" branch="false" />
                <line number="58" hits="3" branch="false" />
                <line number="59" hits="3" branch="false" />
              </lines>
            </method>
            <method name="AverageMark" signature="(System.Double)" line-rate="1" branch-rate="1" complexity="NaN">
              <lines>
                <line number="61" hits="5" branch="false" />
                <line number="62" hits="5" branch="true" condition-coverage="100% (2/2)" />
                <line number="63" hits="3" branch="false" />
                <line number="64" hits="3" branch="false" />
                <line number="65" hits="3" branch="false" />
                <line number="67" hits="2" branch="false" />
                <line number="68" hits="2" branch="false" />
                <line number="70" hits="3" branch="false" />
              </lines>
            </method>
            <method name="Diploma" signature="()" line-rate="1" branch-rate="1" complexity="NaN">
              <lines>
                <line number="74" hits="3" branch="false" />
              </lines>
            </method>
            <method name="Diploma" signature="(System.String)" line-rate="1" branch-rate="1" complexity="NaN">
              <lines>
                <line number="76" hits="5" branch="false" />
                <line number="77" hits="5" branch="true" condition-coverage="100% (2/2)" />
                <line number="78" hits="4" branch="false" />
                <line number="79" hits="4" branch="true" condition-coverage="100% (2/2)" />
                <line number="80" hits="3" branch="false" />
                <line number="81" hits="3" branch="false" />
                <line number="82" hits="3" branch="false" />
                <line number="84" hits="1" branch="false" />
                <line number="85" hits="1" branch="false" />
                <line number="87" hits="3" branch="false" />
                <line number="89" hits="1" branch="false" />
                <line number="90" hits="1" branch="false" />
                <line number="92" hits="3" branch="false" />
              </lines>
            </method>
            <method name=".ctor" signature="()" line-rate="1" branch-rate="1" complexity="1">
              <lines>
                <line number="16" hits="13" branch="false" />
                <line number="17" hits="13" branch="false" />
                <line number="18" hits="13" branch="false" />
              </lines>
            </method>
          </methods>
          <lines>
            <line number="16" hits="13" branch="false" />
            <line number="17" hits="13" branch="false" />
            <line number="18" hits="13" branch="false" />
            <line number="22" hits="8" branch="false" />
            <line number="23" hits="8" branch="false" />
            <line number="24" hits="8" branch="false" />
            <line number="26" hits="6" branch="false" />
            <line number="27" hits="6" branch="true" condition-coverage="100% (2/2)" />
            <line number="28" hits="5" branch="false" />
            <line number="29" hits="5" branch="false" />
            <line number="30" hits="5" branch="false" />
            <line number="32" hits="1" branch="false" />
            <line number="33" hits="1" branch="false" />
            <line number="35" hits="5" branch="false" />
            <line number="39" hits="3" branch="false" />
            <line number="41" hits="4" branch="false" />
            <line number="43" hits="4" branch="true" condition-coverage="100% (2/2)" />
            <line number="44" hits="3" branch="false" />
            <line number="45" hits="3" branch="false" />
            <line number="46" hits="3" branch="false" />
            <line number="48" hits="1" branch="false" />
            <line number="49" hits="1" branch="false" />
            <line number="51" hits="3" branch="false" />
            <line number="57" hits="3" branch="false" />
            <line number="58" hits="3" branch="false" />
            <line number="59" hits="3" branch="false" />
            <line number="61" hits="5" branch="false" />
            <line number="62" hits="5" branch="true" condition-coverage="100% (2/2)" />
            <line number="63" hits="3" branch="false" />
            <line number="64" hits="3" branch="false" />
            <line number="65" hits="3" branch="false" />
            <line number="67" hits="2" branch="false" />
            <line number="68" hits="2" branch="false" />
            <line number="70" hits="3" branch="false" />
            <line number="74" hits="3" branch="false" />
            <line number="76" hits="5" branch="false" />
            <line number="77" hits="5" branch="true" condition-coverage="100% (2/2)" />
            <line number="78" hits="4" branch="false" />
            <line number="79" hits="4" branch="true" condition-coverage="100% (2/2)" />
            <line number="80" hits="3" branch="false" />
            <line number="81" hits="3" branch="false" />
            <line number="82" hits="3" branch="false" />
            <line number="84" hits="1" branch="false" />
            <line number="85" hits="1" branch="false" />
            <line number="87" hits="3" branch="false" />
            <line number="89" hits="1" branch="false" />
            <line number="90" hits="1" branch="false" />
            <line number="92" hits="3" branch="false" />
          </lines>
        </class>
      </classes>
    </package>
    <package name="LabWork5.test" line-rate="0.908675799086758" branch-rate="0.5" complexity="41">
      <classes>
        <class name="LabWork5.test.UnitTest1" filename="D:\vs project\LabWork5\LabWork5.test\UnitTest1.cs" line-rate="0.908675799086758" branch-rate="0.5" complexity="41">
          <methods>
            <method name="StudentsCharacteristicsCheck" signature="()" line-rate="0.9354838709677419" branch-rate="0.5" complexity="11">
              <lines>
                <line number="13" hits="1" branch="false" />
                <line number="14" hits="1" branch="false" />
                <line number="15" hits="1" branch="false" />
                <line number="16" hits="1" branch="false" />
                <line number="17" hits="1" branch="false" />
                <line number="18" hits="1" branch="false" />
                <line number="19" hits="1" branch="false" />
                <line number="20" hits="1" branch="false" />
                <line number="21" hits="1" branch="false" />
                <line number="22" hits="1" branch="false" />
                <line number="23" hits="1" branch="false" />
                <line number="24" hits="1" branch="false" />
                <line number="25" hits="1" branch="false" />
                <line number="26" hits="1" branch="false" />
                <line number="27" hits="1" branch="false" />
                <line number="28" hits="1" branch="false" />
                <line number="29" hits="1" branch="false" />
                <line number="30" hits="1" branch="false" />
                <line number="31" hits="1" branch="false" />
                <line number="32" hits="1" branch="false" />
                <line number="33" hits="1" branch="false" />
                <line number="34" hits="1" branch="false" />
                <line number="35" hits="1" branch="true" condition-coverage="50% (10/20)" />
                <line number="36" hits="1" branch="false" />
                <line number="37" hits="1" branch="false" />
                <line number="38" hits="1" branch="false" />
                <line number="39" hits="1" branch="false" />
                <line number="40" hits="1" branch="false" />
                <line number="42" hits="0" branch="false" />
                <line number="43" hits="0" branch="false" />
                <line number="45" hits="1" branch="false" />
              </lines>
            </method>
            <method name="StorytellerCharacteristicsCheck" signature="()" line-rate="0.9166666666666666" branch-rate="0.5" complexity="8">
              <lines>
                <line number="48" hits="1" branch="false" />
                <line number="49" hits="1" branch="false" />
                <line number="50" hits="1" branch="false" />
                <line number="51" hits="1" branch="false" />
                <line number="52" hits="1" branch="false" />
                <line number="53" hits="1" branch="false" />
                <line number="54" hits="1" branch="false" />
                <line number="55" hits="1" branch="false" />
                <line number="56" hits="1" branch="false" />
                <line number="57" hits="1" branch="false" />
                <line number="58" hits="1" branch="false" />
                <line number="59" hits="1" branch="false" />
                <line number="60" hits="1" branch="false" />
                <line number="61" hits="1" branch="false" />
                <line number="62" hits="1" branch="false" />
                <line number="63" hits="1" branch="false" />
                <line number="64" hits="1" branch="true" condition-coverage="50% (7/14)" />
                <line number="65" hits="1" branch="false" />
                <line number="66" hits="1" branch="false" />
                <line number="67" hits="1" branch="false" />
                <line number="68" hits="1" branch="false" />
                <line number="70" hits="0" branch="false" />
                <line number="71" hits="0" branch="false" />
                <line number="73" hits="1" branch="false" />
              </lines>
            </method>
            <method name="DentistCharacteristicsCheck" signature="()" line-rate="0.9166666666666666" branch-rate="0.5" complexity="8">
              <lines>
                <line number="76" hits="1" branch="false" />
                <line number="77" hits="1" branch="false" />
                <line number="78" hits="1" branch="false" />
                <line number="79" hits="1" branch="false" />
                <line number="80" hits="1" branch="false" />
                <line number="81" hits="1" branch="false" />
                <line number="82" hits="1" branch="false" />
                <line number="83" hits="1" branch="false" />
                <line number="84" hits="1" branch="false" />
                <line number="85" hits="1" branch="false" />
                <line number="86" hits="1" branch="false" />
                <line number="87" hits="1" branch="false" />
                <line number="88" hits="1" branch="false" />
                <line number="89" hits="1" branch="false" />
                <line number="90" hits="1" branch="false" />
                <line number="91" hits="1" branch="false" />
                <line number="92" hits="1" branch="true" condition-coverage="50% (7/14)" />
                <line number="93" hits="1" branch="false" />
                <line number="94" hits="1" branch="false" />
                <line number="95" hits="1" branch="false" />
                <line number="96" hits="1" branch="false" />
                <line number="98" hits="0" branch="false" />
                <line number="99" hits="0" branch="false" />
                <line number="101" hits="1" branch="false" />
              </lines>
            </method>
            <method name="FiveCoursStudentsCheck" signature="()" line-rate="0.8947368421052632" branch-rate="0.5" complexity="2">
              <lines>
                <line number="104" hits="1" branch="false" />
                <line number="105" hits="1" branch="false" />
                <line number="106" hits="1" branch="false" />
                <line number="107" hits="1" branch="false" />
                <line number="108" hits="1" branch="false" />
                <line number="109" hits="1" branch="false" />
                <line number="110" hits="1" branch="false" />
                <line number="111" hits="1" branch="false" />
                <line number="112" hits="1" branch="false" />
                <line number="113" hits="1" branch="false" />
                <line number="114" hits="1" branch="false" />
                <line number="115" hits="1" branch="false" />
                <line number="116" hits="1" branch="true" condition-coverage="50% (1/2)" />
                <line number="117" hits="1" branch="false" />
                <line number="118" hits="1" branch="false" />
                <line number="119" hits="1" branch="false" />
                <line number="121" hits="0" branch="false" />
                <line number="122" hits="0" branch="false" />
                <line number="124" hits="1" branch="false" />
              </lines>
            </method>
            <method name="FiveCoursExStudentsCheck" signature="()" line-rate="0.8947368421052632" branch-rate="0.5" complexity="2">
              <lines>
                <line number="127" hits="1" branch="false" />
                <line number="128" hits="1" branch="false" />
                <line number="129" hits="1" branch="false" />
                <line number="130" hits="1" branch="false" />
                <line number="131" hits="1" branch="false" />
                <line number="132" hits="1" branch="false" />
                <line number="133" hits="1" branch="false" />
                <line number="134" hits="1" branch="false" />
                <line number="135" hits="1" branch="false" />
                <line number="136" hits="1" branch="false" />
                <line number="137" hits="1" branch="false" />
                <line number="138" hits="1" branch="false" />
                <line number="139" hits="1" branch="true" condition-coverage="50% (1/2)" />
                <line number="140" hits="0" branch="false" />
                <line number="141" hits="0" branch="false" />
                <line number="144" hits="1" branch="false" />
                <line number="145" hits="1" branch="false" />
                <line number="146" hits="1" branch="false" />
                <line number="147" hits="1" branch="false" />
              </lines>
            </method>
            <method name="StudentsSexExceptionsCheck" signature="()" line-rate="0.9" branch-rate="1" complexity="1">
              <lines>
                <line number="150" hits="1" branch="false" />
                <line number="151" hits="1" branch="false" />
                <line number="153" hits="1" branch="false" />
                <line number="154" hits="1" branch="false" />
                <line number="155" hits="0" branch="false" />
                <line number="156" hits="1" branch="false" />
                <line number="157" hits="1" branch="false" />
                <line number="158" hits="1" branch="false" />
                <line number="159" hits="1" branch="false" />
                <line number="160" hits="1" branch="false" />
              </lines>
            </method>
            <method name="StudentsIdentificationCodeExceptionsCheck" signature="()" line-rate="0.9" branch-rate="1" complexity="1">
              <lines>
                <line number="163" hits="1" branch="false" />
                <line number="164" hits="1" branch="false" />
                <line number="166" hits="1" branch="false" />
                <line number="167" hits="1" branch="false" />
                <line number="168" hits="0" branch="false" />
                <line number="169" hits="1" branch="false" />
                <line number="170" hits="1" branch="false" />
                <line number="171" hits="1" branch="false" />
                <line number="172" hits="1" branch="false" />
                <line number="173" hits="1" branch="false" />
              </lines>
            </method>
            <method name="StudentsStudentIDExceptionsCheck" signature="()" line-rate="0.9" branch-rate="1" complexity="1">
              <lines>
                <line number="176" hits="1" branch="false" />
                <line number="177" hits="1" branch="false" />
                <line number="179" hits="1" branch="false" />
                <line number="180" hits="1" branch="false" />
                <line number="181" hits="0" branch="false" />
                <line number="182" hits="1" branch="false" />
                <line number="183" hits="1" branch="false" />
                <line number="184" hits="1" branch="false" />
                <line number="185" hits="1" branch="false" />
                <line number="186" hits="1" branch="false" />
              </lines>
            </method>
            <method name="StudentsCourseExceptionsCheck" signature="()" line-rate="0.9" branch-rate="1" complexity="1">
              <lines>
                <line number="189" hits="1" branch="false" />
                <line number="190" hits="1" branch="false" />
                <line number="192" hits="1" branch="false" />
                <line number="193" hits="1" branch="false" />
                <line number="194" hits="0" branch="false" />
                <line number="195" hits="1" branch="false" />
                <line number="196" hits="1" branch="false" />
                <line number="197" hits="1" branch="false" />
                <line number="198" hits="1" branch="false" />
                <line number="199" hits="1" branch="false" />
              </lines>
            </method>
            <method name="StudentsAverageMarkExceptionsCheck" signature="()" line-rate="0.9" branch-rate="1" complexity="1">
              <lines>
                <line number="202" hits="1" branch="false" />
                <line number="203" hits="1" branch="false" />
                <line number="205" hits="1" branch="false" />
                <line number="206" hits="1" branch="false" />
                <line number="207" hits="0" branch="false" />
                <line number="208" hits="1" branch="false" />
                <line number="209" hits="1" branch="false" />
                <line number="210" hits="1" branch="false" />
                <line number="211" hits="1" branch="false" />
                <line number="212" hits="1" branch="false" />
              </lines>
            </method>
            <method name="StudentsAverageMarkExceptionsCheck2" signature="()" line-rate="0.9" branch-rate="1" complexity="1">
              <lines>
                <line number="215" hits="1" branch="false" />
                <line number="216" hits="1" branch="false" />
                <line number="218" hits="1" branch="false" />
                <line number="219" hits="1" branch="false" />
                <line number="220" hits="0" branch="false" />
                <line number="221" hits="1" branch="false" />
                <line number="222" hits="1" branch="false" />
                <line number="223" hits="1" branch="false" />
                <line number="224" hits="1" branch="false" />
                <line number="225" hits="1" branch="false" />
              </lines>
            </method>
            <method name="StudentsCoockingExceptionsCheck" signature="()" line-rate="0.9" branch-rate="1" complexity="1">
              <lines>
                <line number="228" hits="1" branch="false" />
                <line number="229" hits="1" branch="false" />
                <line number="231" hits="1" branch="false" />
                <line number="232" hits="1" branch="false" />
                <line number="233" hits="0" branch="false" />
                <line number="234" hits="1" branch="false" />
                <line number="235" hits="1" branch="false" />
                <line number="236" hits="1" branch="false" />
                <line number="237" hits="1" branch="false" />
                <line number="238" hits="1" branch="false" />
              </lines>
            </method>
            <method name="StudentsDiplomaExceptionsCheck" signature="()" line-rate="0.9090909090909091" branch-rate="1" complexity="1">
              <lines>
                <line number="241" hits="1" branch="false" />
                <line number="242" hits="1" branch="false" />
                <line number="244" hits="1" branch="false" />
                <line number="245" hits="1" branch="false" />
                <line number="246" hits="1" branch="false" />
                <line number="247" hits="0" branch="false" />
                <line number="248" hits="1" branch="false" />
                <line number="249" hits="1" branch="false" />
                <line number="250" hits="1" branch="false" />
                <line number="251" hits="1" branch="false" />
                <line number="252" hits="1" branch="false" />
              </lines>
            </method>
            <method name="StudentsDiplomaExceptionsCheck2" signature="()" line-rate="0.9090909090909091" branch-rate="1" complexity="1">
              <lines>
                <line number="255" hits="1" branch="false" />
                <line number="256" hits="1" branch="false" />
                <line number="258" hits="1" branch="false" />
                <line number="259" hits="1" branch="false" />
                <line number="260" hits="1" branch="false" />
                <line number="261" hits="0" branch="false" />
                <line number="262" hits="1" branch="false" />
                <line number="263" hits="1" branch="false" />
                <line number="264" hits="1" branch="false" />
                <line number="265" hits="1" branch="false" />
                <line number="266" hits="1" branch="false" />
              </lines>
            </method>
            <method name="StudentsEquipmentForEntertainmentExceptionsCheck" signature="()" line-rate="0.9" branch-rate="1" complexity="1">
              <lines>
                <line number="269" hits="1" branch="false" />
                <line number="270" hits="1" branch="false" />
                <line number="272" hits="1" branch="false" />
                <line number="273" hits="1" branch="false" />
                <line number="274" hits="0" branch="false" />
                <line number="275" hits="1" branch="false" />
                <line number="276" hits="1" branch="false" />
                <line number="277" hits="1" branch="false" />
                <line number="278" hits="1" branch="false" />
                <line number="279" hits="1" branch="false" />
              </lines>
            </method>
          </methods>
          <lines>
            <line number="13" hits="1" branch="false" />
            <line number="14" hits="1" branch="false" />
            <line number="15" hits="1" branch="false" />
            <line number="16" hits="1" branch="false" />
            <line number="17" hits="1" branch="false" />
            <line number="18" hits="1" branch="false" />
            <line number="19" hits="1" branch="false" />
            <line number="20" hits="1" branch="false" />
            <line number="21" hits="1" branch="false" />
            <line number="22" hits="1" branch="false" />
            <line number="23" hits="1" branch="false" />
            <line number="24" hits="1" branch="false" />
            <line number="25" hits="1" branch="false" />
            <line number="26" hits="1" branch="false" />
            <line number="27" hits="1" branch="false" />
            <line number="28" hits="1" branch="false" />
            <line number="29" hits="1" branch="false" />
            <line number="30" hits="1" branch="false" />
            <line number="31" hits="1" branch="false" />
            <line number="32" hits="1" branch="false" />
            <line number="33" hits="1" branch="false" />
            <line number="34" hits="1" branch="false" />
            <line number="35" hits="1" branch="true" condition-coverage="50% (10/20)" />
            <line number="36" hits="1" branch="false" />
            <line number="37" hits="1" branch="false" />
            <line number="38" hits="1" branch="false" />
            <line number="39" hits="1" branch="false" />
            <line number="40" hits="1" branch="false" />
            <line number="42" hits="0" branch="false" />
            <line number="43" hits="0" branch="false" />
            <line number="45" hits="1" branch="false" />
            <line number="48" hits="1" branch="false" />
            <line number="49" hits="1" branch="false" />
            <line number="50" hits="1" branch="false" />
            <line number="51" hits="1" branch="false" />
            <line number="52" hits="1" branch="false" />
            <line number="53" hits="1" branch="false" />
            <line number="54" hits="1" branch="false" />
            <line number="55" hits="1" branch="false" />
            <line number="56" hits="1" branch="false" />
            <line number="57" hits="1" branch="false" />
            <line number="58" hits="1" branch="false" />
            <line number="59" hits="1" branch="false" />
            <line number="60" hits="1" branch="false" />
            <line number="61" hits="1" branch="false" />
            <line number="62" hits="1" branch="false" />
            <line number="63" hits="1" branch="false" />
            <line number="64" hits="1" branch="true" condition-coverage="50% (7/14)" />
            <line number="65" hits="1" branch="false" />
            <line number="66" hits="1" branch="false" />
            <line number="67" hits="1" branch="false" />
            <line number="68" hits="1" branch="false" />
            <line number="70" hits="0" branch="false" />
            <line number="71" hits="0" branch="false" />
            <line number="73" hits="1" branch="false" />
            <line number="76" hits="1" branch="false" />
            <line number="77" hits="1" branch="false" />
            <line number="78" hits="1" branch="false" />
            <line number="79" hits="1" branch="false" />
            <line number="80" hits="1" branch="false" />
            <line number="81" hits="1" branch="false" />
            <line number="82" hits="1" branch="false" />
            <line number="83" hits="1" branch="false" />
            <line number="84" hits="1" branch="false" />
            <line number="85" hits="1" branch="false" />
            <line number="86" hits="1" branch="false" />
            <line number="87" hits="1" branch="false" />
            <line number="88" hits="1" branch="false" />
            <line number="89" hits="1" branch="false" />
            <line number="90" hits="1" branch="false" />
            <line number="91" hits="1" branch="false" />
            <line number="92" hits="1" branch="true" condition-coverage="50% (7/14)" />
            <line number="93" hits="1" branch="false" />
            <line number="94" hits="1" branch="false" />
            <line number="95" hits="1" branch="false" />
            <line number="96" hits="1" branch="false" />
            <line number="98" hits="0" branch="false" />
            <line number="99" hits="0" branch="false" />
            <line number="101" hits="1" branch="false" />
            <line number="104" hits="1" branch="false" />
            <line number="105" hits="1" branch="false" />
            <line number="106" hits="1" branch="false" />
            <line number="107" hits="1" branch="false" />
            <line number="108" hits="1" branch="false" />
            <line number="109" hits="1" branch="false" />
            <line number="110" hits="1" branch="false" />
            <line number="111" hits="1" branch="false" />
            <line number="112" hits="1" branch="false" />
            <line number="113" hits="1" branch="false" />
            <line number="114" hits="1" branch="false" />
            <line number="115" hits="1" branch="false" />
            <line number="116" hits="1" branch="true" condition-coverage="50% (1/2)" />
            <line number="117" hits="1" branch="false" />
            <line number="118" hits="1" branch="false" />
            <line number="119" hits="1" branch="false" />
            <line number="121" hits="0" branch="false" />
            <line number="122" hits="0" branch="false" />
            <line number="124" hits="1" branch="false" />
            <line number="127" hits="1" branch="false" />
            <line number="128" hits="1" branch="false" />
            <line number="129" hits="1" branch="false" />
            <line number="130" hits="1" branch="false" />
            <line number="131" hits="1" branch="false" />
            <line number="132" hits="1" branch="false" />
            <line number="133" hits="1" branch="false" />
            <line number="134" hits="1" branch="false" />
            <line number="135" hits="1" branch="false" />
            <line number="136" hits="1" branch="false" />
            <line number="137" hits="1" branch="false" />
            <line number="138" hits="1" branch="false" />
            <line number="139" hits="1" branch="true" condition-coverage="50% (1/2)" />
            <line number="140" hits="0" branch="false" />
            <line number="141" hits="0" branch="false" />
            <line number="144" hits="1" branch="false" />
            <line number="145" hits="1" branch="false" />
            <line number="146" hits="1" branch="false" />
            <line number="147" hits="1" branch="false" />
            <line number="150" hits="1" branch="false" />
            <line number="151" hits="1" branch="false" />
            <line number="153" hits="1" branch="false" />
            <line number="154" hits="1" branch="false" />
            <line number="155" hits="0" branch="false" />
            <line number="156" hits="1" branch="false" />
            <line number="157" hits="1" branch="false" />
            <line number="158" hits="1" branch="false" />
            <line number="159" hits="1" branch="false" />
            <line number="160" hits="1" branch="false" />
            <line number="163" hits="1" branch="false" />
            <line number="164" hits="1" branch="false" />
            <line number="166" hits="1" branch="false" />
            <line number="167" hits="1" branch="false" />
            <line number="168" hits="0" branch="false" />
            <line number="169" hits="1" branch="false" />
            <line number="170" hits="1" branch="false" />
            <line number="171" hits="1" branch="false" />
            <line number="172" hits="1" branch="false" />
            <line number="173" hits="1" branch="false" />
            <line number="176" hits="1" branch="false" />
            <line number="177" hits="1" branch="false" />
            <line number="179" hits="1" branch="false" />
            <line number="180" hits="1" branch="false" />
            <line number="181" hits="0" branch="false" />
            <line number="182" hits="1" branch="false" />
            <line number="183" hits="1" branch="false" />
            <line number="184" hits="1" branch="false" />
            <line number="185" hits="1" branch="false" />
            <line number="186" hits="1" branch="false" />
            <line number="189" hits="1" branch="false" />
            <line number="190" hits="1" branch="false" />
            <line number="192" hits="1" branch="false" />
            <line number="193" hits="1" branch="false" />
            <line number="194" hits="0" branch="false" />
            <line number="195" hits="1" branch="false" />
            <line number="196" hits="1" branch="false" />
            <line number="197" hits="1" branch="false" />
            <line number="198" hits="1" branch="false" />
            <line number="199" hits="1" branch="false" />
            <line number="202" hits="1" branch="false" />
            <line number="203" hits="1" branch="false" />
            <line number="205" hits="1" branch="false" />
            <line number="206" hits="1" branch="false" />
            <line number="207" hits="0" branch="false" />
            <line number="208" hits="1" branch="false" />
            <line number="209" hits="1" branch="false" />
            <line number="210" hits="1" branch="false" />
            <line number="211" hits="1" branch="false" />
            <line number="212" hits="1" branch="false" />
            <line number="215" hits="1" branch="false" />
            <line number="216" hits="1" branch="false" />
            <line number="218" hits="1" branch="false" />
            <line number="219" hits="1" branch="false" />
            <line number="220" hits="0" branch="false" />
            <line number="221" hits="1" branch="false" />
            <line number="222" hits="1" branch="false" />
            <line number="223" hits="1" branch="false" />
            <line number="224" hits="1" branch="false" />
            <line number="225" hits="1" branch="false" />
            <line number="228" hits="1" branch="false" />
            <line number="229" hits="1" branch="false" />
            <line number="231" hits="1" branch="false" />
            <line number="232" hits="1" branch="false" />
            <line number="233" hits="0" branch="false" />
            <line number="234" hits="1" branch="false" />
            <line number="235" hits="1" branch="false" />
            <line number="236" hits="1" branch="false" />
            <line number="237" hits="1" branch="false" />
            <line number="238" hits="1" branch="false" />
            <line number="241" hits="1" branch="false" />
            <line number="242" hits="1" branch="false" />
            <line number="244" hits="1" branch="false" />
            <line number="245" hits="1" branch="false" />
            <line number="246" hits="1" branch="false" />
            <line number="247" hits="0" branch="false" />
            <line number="248" hits="1" branch="false" />
            <line number="249" hits="1" branch="false" />
            <line number="250" hits="1" branch="false" />
            <line number="251" hits="1" branch="false" />
            <line number="252" hits="1" branch="false" />
            <line number="255" hits="1" branch="false" />
            <line number="256" hits="1" branch="false" />
            <line number="258" hits="1" branch="false" />
            <line number="259" hits="1" branch="false" />
            <line number="260" hits="1" branch="false" />
            <line number="261" hits="0" branch="false" />
            <line number="262" hits="1" branch="false" />
            <line number="263" hits="1" branch="false" />
            <line number="264" hits="1" branch="false" />
            <line number="265" hits="1" branch="false" />
            <line number="266" hits="1" branch="false" />
            <line number="269" hits="1" branch="false" />
            <line number="270" hits="1" branch="false" />
            <line number="272" hits="1" branch="false" />
            <line number="273" hits="1" branch="false" />
            <line number="274" hits="0" branch="false" />
            <line number="275" hits="1" branch="false" />
            <line number="276" hits="1" branch="false" />
            <line number="277" hits="1" branch="false" />
            <line number="278" hits="1" branch="false" />
            <line number="279" hits="1" branch="false" />
          </lines>
        </class>
      </classes>
    </package>
  </packages>
</coverage>