<?xml version="1.0" encoding="utf-8"?>
<CoverageSession xmlns:xsd="http://www.w3.org/2001/XMLSchema" xmlns:xsi="http://www.w3.org/2001/XMLSchema-instance" Version="4.7.922.0">
  <Summary numSequencePoints="377" visitedSequencePoints="357" numBranchPoints="151" visitedBranchPoints="120" sequenceCoverage="94.69" branchCoverage="79.47" maxCyclomaticComplexity="11" minCyclomaticComplexity="1" maxCrapScore="11.04" minCrapScore="1" visitedClasses="8" numClasses="8" visitedMethods="49" numMethods="49" />
  <Modules>
    <Module hash="08-7E-36-C3-2E-E1-76-29-9F-21-AB-80-1F-48-14-C0-41-66-3B-B7">
      <Summary numSequencePoints="215" visitedSequencePoints="195" numBranchPoints="67" visitedBranchPoints="41" sequenceCoverage="90.70" branchCoverage="61.19" maxCyclomaticComplexity="11" minCyclomaticComplexity="1" maxCrapScore="11.04" minCrapScore="1.00" visitedClasses="1" numClasses="1" visitedMethods="15" numMethods="15" />
      <ModulePath>D:\vs project\LabWork5\LabWork5.test\bin\Debug\fine-code-coverage\build-output\LabWork5.test.dll</ModulePath>
      <ModuleTime>2022-01-05T04:15:50.3916323Z</ModuleTime>
      <ModuleName>LabWork5.test</ModuleName>
      <Files>
        <File uid="1" fullPath="D:\vs project\LabWork5\LabWork5.test\UnitTest1.cs" />
      </Files>
      <Classes>
        <Class>
          <Summary numSequencePoints="215" visitedSequencePoints="195" numBranchPoints="67" visitedBranchPoints="41" sequenceCoverage="90.70" branchCoverage="61.19" maxCyclomaticComplexity="11" minCyclomaticComplexity="1" maxCrapScore="11.04" minCrapScore="1.00" visitedClasses="1" numClasses="1" visitedMethods="15" numMethods="15" />
          <FullName>LabWork5.test.UnitTest1</FullName>
          <Methods>
            <Method visited="true" cyclomaticComplexity="11" nPathComplexity="1024" sequenceCoverage="93.10" branchCoverage="52.38" crapScore="11.04" isConstructor="false" isStatic="false" isGetter="false" isSetter="false">
              <Summary numSequencePoints="29" visitedSequencePoints="27" numBranchPoints="21" visitedBranchPoints="11" sequenceCoverage="93.10" branchCoverage="52.38" maxCyclomaticComplexity="11" minCyclomaticComplexity="11" maxCrapScore="11.04" minCrapScore="11.04" visitedClasses="0" numClasses="0" visitedMethods="1" numMethods="1" />
              <MetadataToken>100663297</MetadataToken>
              <Name>System.Void LabWork5.test.UnitTest1::StudentsCharacteristicsCheck()</Name>
              <FileRef uid="1" />
              <SequencePoints>
                <SequencePoint vc="1" uspid="1" ordinal="0" offset="0" sl="13" sc="9" el="13" ec="10" bec="0" bev="0" fileid="1" />
                <SequencePoint vc="1" uspid="2" ordinal="1" offset="1" sl="14" sc="13" el="14" ec="45" bec="0" bev="0" fileid="1" />
                <SequencePoint vc="1" uspid="3" ordinal="2" offset="7" sl="15" sc="13" el="15" ec="38" bec="0" bev="0" fileid="1" />
                <SequencePoint vc="1" uspid="4" ordinal="3" offset="19" sl="16" sc="13" el="16" ec="38" bec="0" bev="0" fileid="1" />
                <SequencePoint vc="1" uspid="5" ordinal="4" offset="31" sl="17" sc="13" el="17" ec="38" bec="0" bev="0" fileid="1" />
                <SequencePoint vc="1" uspid="6" ordinal="5" offset="43" sl="18" sc="13" el="18" ec="55" bec="0" bev="0" fileid="1" />
                <SequencePoint vc="1" uspid="7" ordinal="6" offset="55" sl="19" sc="13" el="19" ec="46" bec="0" bev="0" fileid="1" />
                <SequencePoint vc="1" uspid="8" ordinal="7" offset="67" sl="20" sc="13" el="20" ec="32" bec="0" bev="0" fileid="1" />
                <SequencePoint vc="1" uspid="9" ordinal="8" offset="75" sl="21" sc="13" el="21" ec="39" bec="0" bev="0" fileid="1" />
                <SequencePoint vc="1" uspid="10" ordinal="9" offset="91" sl="22" sc="13" el="22" ec="38" bec="0" bev="0" fileid="1" />
                <SequencePoint vc="1" uspid="11" ordinal="10" offset="103" sl="23" sc="13" el="23" ec="43" bec="0" bev="0" fileid="1" />
                <SequencePoint vc="1" uspid="12" ordinal="11" offset="115" sl="24" sc="13" el="24" ec="57" bec="0" bev="0" fileid="1" />
                <SequencePoint vc="1" uspid="13" ordinal="12" offset="127" sl="25" sc="13" el="25" ec="37" bec="0" bev="0" fileid="1" />
                <SequencePoint vc="1" uspid="14" ordinal="13" offset="133" sl="26" sc="13" el="26" ec="37" bec="0" bev="0" fileid="1" />
                <SequencePoint vc="1" uspid="15" ordinal="14" offset="139" sl="27" sc="13" el="27" ec="37" bec="0" bev="0" fileid="1" />
                <SequencePoint vc="1" uspid="16" ordinal="15" offset="145" sl="28" sc="13" el="28" ec="54" bec="0" bev="0" fileid="1" />
                <SequencePoint vc="1" uspid="17" ordinal="16" offset="152" sl="29" sc="13" el="29" ec="45" bec="0" bev="0" fileid="1" />
                <SequencePoint vc="1" uspid="18" ordinal="17" offset="159" sl="30" sc="13" el="30" ec="28" bec="0" bev="0" fileid="1" />
                <SequencePoint vc="1" uspid="19" ordinal="18" offset="162" sl="31" sc="13" el="31" ec="38" bec="0" bev="0" fileid="1" />
                <SequencePoint vc="1" uspid="20" ordinal="19" offset="173" sl="32" sc="13" el="32" ec="37" bec="0" bev="0" fileid="1" />
                <SequencePoint vc="1" uspid="21" ordinal="20" offset="180" sl="33" sc="13" el="33" ec="42" bec="0" bev="0" fileid="1" />
                <SequencePoint vc="1" uspid="22" ordinal="21" offset="187" sl="34" sc="13" el="34" ec="56" bec="0" bev="0" fileid="1" />
                <SequencePoint vc="1" uspid="23" ordinal="22" offset="194" sl="35" sc="13" el="37" ec="110" bec="12" bev="10" fileid="1" />
                <SequencePoint vc="1" uspid="24" ordinal="23" offset="338" sl="38" sc="13" el="38" ec="14" bec="0" bev="0" fileid="1" />
                <SequencePoint vc="1" uspid="25" ordinal="24" offset="339" sl="39" sc="17" el="39" ec="37" bec="0" bev="0" fileid="1" />
                <SequencePoint vc="1" uspid="26" ordinal="25" offset="346" sl="40" sc="13" el="40" ec="14" bec="0" bev="0" fileid="1" />
                <SequencePoint vc="0" uspid="27" ordinal="26" offset="349" sl="42" sc="13" el="42" ec="14" bec="0" bev="0" fileid="1" />
                <SequencePoint vc="0" uspid="28" ordinal="27" offset="350" sl="43" sc="17" el="43" ec="39" bec="0" bev="0" fileid="1" />
                <SequencePoint vc="1" uspid="29" ordinal="28" offset="356" sl="45" sc="9" el="45" ec="10" bec="0" bev="0" fileid="1" />
              </SequencePoints>
              <BranchPoints>
                <BranchPoint vc="1" uspid="30" ordinal="0" offset="206" sl="35" path="0" offsetend="208" fileid="1" />
                <BranchPoint vc="0" uspid="31" ordinal="1" offset="206" sl="35" path="1" offsetend="331" fileid="1" />
                <BranchPoint vc="1" uspid="32" ordinal="2" offset="220" sl="35" path="0" offsetend="222" fileid="1" />
                <BranchPoint vc="0" uspid="33" ordinal="3" offset="220" sl="35" path="1" offsetend="331" fileid="1" />
                <BranchPoint vc="1" uspid="34" ordinal="4" offset="234" sl="35" path="0" offsetend="236" fileid="1" />
                <BranchPoint vc="0" uspid="35" ordinal="5" offset="234" sl="35" path="1" offsetend="331" fileid="1" />
                <BranchPoint vc="1" uspid="36" ordinal="6" offset="249" sl="35" path="0" offsetend="251" fileid="1" />
                <BranchPoint vc="0" uspid="37" ordinal="7" offset="249" sl="35" path="1" offsetend="331" fileid="1" />
                <BranchPoint vc="1" uspid="38" ordinal="8" offset="264" sl="35" path="0" offsetend="266" fileid="1" />
                <BranchPoint vc="0" uspid="39" ordinal="9" offset="264" sl="35" path="1" offsetend="331" fileid="1" />
                <BranchPoint vc="1" uspid="40" ordinal="10" offset="274" sl="35" path="0" offsetend="276" fileid="1" />
                <BranchPoint vc="0" uspid="41" ordinal="11" offset="274" sl="35" path="1" offsetend="331" fileid="1" />
                <BranchPoint vc="1" uspid="42" ordinal="12" offset="284" sl="35" path="0" offsetend="286" fileid="1" />
                <BranchPoint vc="0" uspid="43" ordinal="13" offset="284" sl="35" path="1" offsetend="331" fileid="1" />
                <BranchPoint vc="1" uspid="44" ordinal="14" offset="299" sl="35" path="0" offsetend="301" fileid="1" />
                <BranchPoint vc="0" uspid="45" ordinal="15" offset="299" sl="35" path="1" offsetend="331" fileid="1" />
                <BranchPoint vc="1" uspid="46" ordinal="16" offset="314" sl="35" path="0" offsetend="316" fileid="1" />
                <BranchPoint vc="0" uspid="47" ordinal="17" offset="314" sl="35" path="1" offsetend="331" fileid="1" />
                <BranchPoint vc="1" uspid="48" ordinal="18" offset="336" sl="35" path="0" offsetend="338" fileid="1" />
                <BranchPoint vc="0" uspid="49" ordinal="19" offset="336" sl="35" path="1" offsetend="349" fileid="1" />
              </BranchPoints>
              <MethodPoint xsi:type="SequencePoint" vc="1" uspid="1" ordinal="0" offset="0" sl="13" sc="9" el="13" ec="10" bec="0" bev="0" fileid="1" />
            </Method>
            <Method visited="true" cyclomaticComplexity="8" nPathComplexity="128" sequenceCoverage="91.30" branchCoverage="53.33" crapScore="8.04" isConstructor="false" isStatic="false" isGetter="false" isSetter="false">
              <Summary numSequencePoints="23" visitedSequencePoints="21" numBranchPoints="15" visitedBranchPoints="8" sequenceCoverage="91.30" branchCoverage="53.33" maxCyclomaticComplexity="8" minCyclomaticComplexity="8" maxCrapScore="8.04" minCrapScore="8.04" visitedClasses="0" numClasses="0" visitedMethods="1" numMethods="1" />
              <MetadataToken>100663298</MetadataToken>
              <Name>System.Void LabWork5.test.UnitTest1::StorytellerCharacteristicsCheck()</Name>
              <FileRef uid="1" />
              <SequencePoints>
                <SequencePoint vc="1" uspid="50" ordinal="0" offset="0" sl="48" sc="9" el="48" ec="10" bec="0" bev="0" fileid="1" />
                <SequencePoint vc="1" uspid="51" ordinal="1" offset="1" sl="49" sc="13" el="49" ec="50" bec="0" bev="0" fileid="1" />
                <SequencePoint vc="1" uspid="52" ordinal="2" offset="7" sl="50" sc="13" el="50" ec="35" bec="0" bev="0" fileid="1" />
                <SequencePoint vc="1" uspid="53" ordinal="3" offset="19" sl="51" sc="13" el="51" ec="35" bec="0" bev="0" fileid="1" />
                <SequencePoint vc="1" uspid="54" ordinal="4" offset="31" sl="52" sc="13" el="52" ec="35" bec="0" bev="0" fileid="1" />
                <SequencePoint vc="1" uspid="55" ordinal="5" offset="43" sl="53" sc="13" el="53" ec="52" bec="0" bev="0" fileid="1" />
                <SequencePoint vc="1" uspid="56" ordinal="6" offset="55" sl="54" sc="13" el="54" ec="44" bec="0" bev="0" fileid="1" />
                <SequencePoint vc="1" uspid="57" ordinal="7" offset="67" sl="55" sc="13" el="55" ec="35" bec="0" bev="0" fileid="1" />
                <SequencePoint vc="1" uspid="58" ordinal="8" offset="79" sl="56" sc="13" el="56" ec="54" bec="0" bev="0" fileid="1" />
                <SequencePoint vc="1" uspid="59" ordinal="9" offset="91" sl="57" sc="13" el="57" ec="37" bec="0" bev="0" fileid="1" />
                <SequencePoint vc="1" uspid="60" ordinal="10" offset="97" sl="58" sc="13" el="58" ec="37" bec="0" bev="0" fileid="1" />
                <SequencePoint vc="1" uspid="61" ordinal="11" offset="103" sl="59" sc="13" el="59" ec="37" bec="0" bev="0" fileid="1" />
                <SequencePoint vc="1" uspid="62" ordinal="12" offset="109" sl="60" sc="13" el="60" ec="54" bec="0" bev="0" fileid="1" />
                <SequencePoint vc="1" uspid="63" ordinal="13" offset="116" sl="61" sc="13" el="61" ec="37" bec="0" bev="0" fileid="1" />
                <SequencePoint vc="1" uspid="64" ordinal="14" offset="123" sl="62" sc="13" el="62" ec="56" bec="0" bev="0" fileid="1" />
                <SequencePoint vc="1" uspid="65" ordinal="15" offset="130" sl="63" sc="13" el="63" ec="46" bec="0" bev="0" fileid="1" />
                <SequencePoint vc="1" uspid="66" ordinal="16" offset="137" sl="64" sc="13" el="65" ec="148" bec="9" bev="7" fileid="1" />
                <SequencePoint vc="1" uspid="67" ordinal="17" offset="246" sl="66" sc="13" el="66" ec="14" bec="0" bev="0" fileid="1" />
                <SequencePoint vc="1" uspid="68" ordinal="18" offset="247" sl="67" sc="17" el="67" ec="37" bec="0" bev="0" fileid="1" />
                <SequencePoint vc="1" uspid="69" ordinal="19" offset="254" sl="68" sc="13" el="68" ec="14" bec="0" bev="0" fileid="1" />
                <SequencePoint vc="0" uspid="70" ordinal="20" offset="257" sl="70" sc="13" el="70" ec="14" bec="0" bev="0" fileid="1" />
                <SequencePoint vc="0" uspid="71" ordinal="21" offset="258" sl="71" sc="17" el="71" ec="39" bec="0" bev="0" fileid="1" />
                <SequencePoint vc="1" uspid="72" ordinal="22" offset="264" sl="73" sc="9" el="73" ec="10" bec="0" bev="0" fileid="1" />
              </SequencePoints>
              <BranchPoints>
                <BranchPoint vc="1" uspid="73" ordinal="0" offset="149" sl="64" path="0" offsetend="151" fileid="1" />
                <BranchPoint vc="0" uspid="74" ordinal="1" offset="149" sl="64" path="1" offsetend="239" fileid="1" />
                <BranchPoint vc="1" uspid="75" ordinal="2" offset="163" sl="64" path="0" offsetend="165" fileid="1" />
                <BranchPoint vc="0" uspid="76" ordinal="3" offset="163" sl="64" path="1" offsetend="239" fileid="1" />
                <BranchPoint vc="1" uspid="77" ordinal="4" offset="177" sl="64" path="0" offsetend="179" fileid="1" />
                <BranchPoint vc="0" uspid="78" ordinal="5" offset="177" sl="64" path="1" offsetend="239" fileid="1" />
                <BranchPoint vc="1" uspid="79" ordinal="6" offset="192" sl="64" path="0" offsetend="194" fileid="1" />
                <BranchPoint vc="0" uspid="80" ordinal="7" offset="192" sl="64" path="1" offsetend="239" fileid="1" />
                <BranchPoint vc="1" uspid="81" ordinal="8" offset="207" sl="64" path="0" offsetend="209" fileid="1" />
                <BranchPoint vc="0" uspid="82" ordinal="9" offset="207" sl="64" path="1" offsetend="239" fileid="1" />
                <BranchPoint vc="1" uspid="83" ordinal="10" offset="222" sl="64" path="0" offsetend="224" fileid="1" />
                <BranchPoint vc="0" uspid="84" ordinal="11" offset="222" sl="64" path="1" offsetend="239" fileid="1" />
                <BranchPoint vc="1" uspid="85" ordinal="12" offset="244" sl="64" path="0" offsetend="246" fileid="1" />
                <BranchPoint vc="0" uspid="86" ordinal="13" offset="244" sl="64" path="1" offsetend="257" fileid="1" />
              </BranchPoints>
              <MethodPoint xsi:type="SequencePoint" vc="1" uspid="50" ordinal="0" offset="0" sl="48" sc="9" el="48" ec="10" bec="0" bev="0" fileid="1" />
            </Method>
            <Method visited="true" cyclomaticComplexity="8" nPathComplexity="128" sequenceCoverage="91.30" branchCoverage="53.33" crapScore="8.04" isConstructor="false" isStatic="false" isGetter="false" isSetter="false">
              <Summary numSequencePoints="23" visitedSequencePoints="21" numBranchPoints="15" visitedBranchPoints="8" sequenceCoverage="91.30" branchCoverage="53.33" maxCyclomaticComplexity="8" minCyclomaticComplexity="8" maxCrapScore="8.04" minCrapScore="8.04" visitedClasses="0" numClasses="0" visitedMethods="1" numMethods="1" />
              <MetadataToken>100663299</MetadataToken>
              <Name>System.Void LabWork5.test.UnitTest1::DentistCharacteristicsCheck()</Name>
              <FileRef uid="1" />
              <SequencePoints>
                <SequencePoint vc="1" uspid="87" ordinal="0" offset="0" sl="76" sc="9" el="76" ec="10" bec="0" bev="0" fileid="1" />
                <SequencePoint vc="1" uspid="88" ordinal="1" offset="1" sl="77" sc="13" el="77" ec="42" bec="0" bev="0" fileid="1" />
                <SequencePoint vc="1" uspid="89" ordinal="2" offset="7" sl="78" sc="13" el="78" ec="35" bec="0" bev="0" fileid="1" />
                <SequencePoint vc="1" uspid="90" ordinal="3" offset="19" sl="79" sc="13" el="79" ec="35" bec="0" bev="0" fileid="1" />
                <SequencePoint vc="1" uspid="91" ordinal="4" offset="31" sl="80" sc="13" el="80" ec="35" bec="0" bev="0" fileid="1" />
                <SequencePoint vc="1" uspid="92" ordinal="5" offset="43" sl="81" sc="13" el="81" ec="52" bec="0" bev="0" fileid="1" />
                <SequencePoint vc="1" uspid="93" ordinal="6" offset="55" sl="82" sc="13" el="82" ec="44" bec="0" bev="0" fileid="1" />
                <SequencePoint vc="1" uspid="94" ordinal="7" offset="67" sl="83" sc="13" el="83" ec="35" bec="0" bev="0" fileid="1" />
                <SequencePoint vc="1" uspid="95" ordinal="8" offset="79" sl="84" sc="13" el="84" ec="54" bec="0" bev="0" fileid="1" />
                <SequencePoint vc="1" uspid="96" ordinal="9" offset="91" sl="85" sc="13" el="85" ec="37" bec="0" bev="0" fileid="1" />
                <SequencePoint vc="1" uspid="97" ordinal="10" offset="97" sl="86" sc="13" el="86" ec="37" bec="0" bev="0" fileid="1" />
                <SequencePoint vc="1" uspid="98" ordinal="11" offset="103" sl="87" sc="13" el="87" ec="37" bec="0" bev="0" fileid="1" />
                <SequencePoint vc="1" uspid="99" ordinal="12" offset="109" sl="88" sc="13" el="88" ec="54" bec="0" bev="0" fileid="1" />
                <SequencePoint vc="1" uspid="100" ordinal="13" offset="116" sl="89" sc="13" el="89" ec="37" bec="0" bev="0" fileid="1" />
                <SequencePoint vc="1" uspid="101" ordinal="14" offset="123" sl="90" sc="13" el="90" ec="56" bec="0" bev="0" fileid="1" />
                <SequencePoint vc="1" uspid="102" ordinal="15" offset="130" sl="91" sc="13" el="91" ec="46" bec="0" bev="0" fileid="1" />
                <SequencePoint vc="1" uspid="103" ordinal="16" offset="137" sl="92" sc="13" el="93" ec="148" bec="9" bev="7" fileid="1" />
                <SequencePoint vc="1" uspid="104" ordinal="17" offset="246" sl="94" sc="13" el="94" ec="14" bec="0" bev="0" fileid="1" />
                <SequencePoint vc="1" uspid="105" ordinal="18" offset="247" sl="95" sc="17" el="95" ec="37" bec="0" bev="0" fileid="1" />
                <SequencePoint vc="1" uspid="106" ordinal="19" offset="254" sl="96" sc="13" el="96" ec="14" bec="0" bev="0" fileid="1" />
                <SequencePoint vc="0" uspid="107" ordinal="20" offset="257" sl="98" sc="13" el="98" ec="14" bec="0" bev="0" fileid="1" />
                <SequencePoint vc="0" uspid="108" ordinal="21" offset="258" sl="99" sc="17" el="99" ec="39" bec="0" bev="0" fileid="1" />
                <SequencePoint vc="1" uspid="109" ordinal="22" offset="264" sl="101" sc="9" el="101" ec="10" bec="0" bev="0" fileid="1" />
              </SequencePoints>
              <BranchPoints>
                <BranchPoint vc="1" uspid="110" ordinal="0" offset="149" sl="92" path="0" offsetend="151" fileid="1" />
                <BranchPoint vc="0" uspid="111" ordinal="1" offset="149" sl="92" path="1" offsetend="239" fileid="1" />
                <BranchPoint vc="1" uspid="112" ordinal="2" offset="163" sl="92" path="0" offsetend="165" fileid="1" />
                <BranchPoint vc="0" uspid="113" ordinal="3" offset="163" sl="92" path="1" offsetend="239" fileid="1" />
                <BranchPoint vc="1" uspid="114" ordinal="4" offset="177" sl="92" path="0" offsetend="179" fileid="1" />
                <BranchPoint vc="0" uspid="115" ordinal="5" offset="177" sl="92" path="1" offsetend="239" fileid="1" />
                <BranchPoint vc="1" uspid="116" ordinal="6" offset="192" sl="92" path="0" offsetend="194" fileid="1" />
                <BranchPoint vc="0" uspid="117" ordinal="7" offset="192" sl="92" path="1" offsetend="239" fileid="1" />
                <BranchPoint vc="1" uspid="118" ordinal="8" offset="207" sl="92" path="0" offsetend="209" fileid="1" />
                <BranchPoint vc="0" uspid="119" ordinal="9" offset="207" sl="92" path="1" offsetend="239" fileid="1" />
                <BranchPoint vc="1" uspid="120" ordinal="10" offset="222" sl="92" path="0" offsetend="224" fileid="1" />
                <BranchPoint vc="0" uspid="121" ordinal="11" offset="222" sl="92" path="1" offsetend="239" fileid="1" />
                <BranchPoint vc="1" uspid="122" ordinal="12" offset="244" sl="92" path="0" offsetend="246" fileid="1" />
                <BranchPoint vc="0" uspid="123" ordinal="13" offset="244" sl="92" path="1" offsetend="257" fileid="1" />
              </BranchPoints>
              <MethodPoint xsi:type="SequencePoint" vc="1" uspid="87" ordinal="0" offset="0" sl="76" sc="9" el="76" ec="10" bec="0" bev="0" fileid="1" />
            </Method>
            <Method visited="true" cyclomaticComplexity="2" nPathComplexity="2" sequenceCoverage="89.47" branchCoverage="66.67" crapScore="2.00" isConstructor="false" isStatic="false" isGetter="false" isSetter="false">
              <Summary numSequencePoints="19" visitedSequencePoints="17" numBranchPoints="3" visitedBranchPoints="2" sequenceCoverage="89.47" branchCoverage="66.67" maxCyclomaticComplexity="2" minCyclomaticComplexity="2" maxCrapScore="2.00" minCrapScore="2.00" visitedClasses="0" numClasses="0" visitedMethods="1" numMethods="1" />
              <MetadataToken>100663300</MetadataToken>
              <Name>System.Void LabWork5.test.UnitTest1::FiveCoursStudentsCheck()</Name>
              <FileRef uid="1" />
              <SequencePoints>
                <SequencePoint vc="1" uspid="124" ordinal="0" offset="0" sl="104" sc="9" el="104" ec="10" bec="0" bev="0" fileid="1" />
                <SequencePoint vc="1" uspid="125" ordinal="1" offset="1" sl="105" sc="13" el="105" ec="45" bec="0" bev="0" fileid="1" />
                <SequencePoint vc="1" uspid="126" ordinal="2" offset="7" sl="106" sc="13" el="106" ec="37" bec="0" bev="0" fileid="1" />
                <SequencePoint vc="1" uspid="127" ordinal="3" offset="19" sl="107" sc="13" el="107" ec="41" bec="0" bev="0" fileid="1" />
                <SequencePoint vc="1" uspid="128" ordinal="4" offset="31" sl="108" sc="13" el="108" ec="36" bec="0" bev="0" fileid="1" />
                <SequencePoint vc="1" uspid="129" ordinal="5" offset="43" sl="109" sc="13" el="109" ec="55" bec="0" bev="0" fileid="1" />
                <SequencePoint vc="1" uspid="130" ordinal="6" offset="55" sl="110" sc="13" el="110" ec="46" bec="0" bev="0" fileid="1" />
                <SequencePoint vc="1" uspid="131" ordinal="7" offset="67" sl="111" sc="13" el="111" ec="32" bec="0" bev="0" fileid="1" />
                <SequencePoint vc="1" uspid="132" ordinal="8" offset="75" sl="112" sc="13" el="112" ec="39" bec="0" bev="0" fileid="1" />
                <SequencePoint vc="1" uspid="133" ordinal="9" offset="91" sl="113" sc="13" el="113" ec="38" bec="0" bev="0" fileid="1" />
                <SequencePoint vc="1" uspid="134" ordinal="10" offset="103" sl="114" sc="13" el="114" ec="43" bec="0" bev="0" fileid="1" />
                <SequencePoint vc="1" uspid="135" ordinal="11" offset="115" sl="115" sc="13" el="115" ec="57" bec="0" bev="0" fileid="1" />
                <SequencePoint vc="1" uspid="136" ordinal="12" offset="127" sl="116" sc="13" el="116" ec="48" bec="2" bev="1" fileid="1" />
                <SequencePoint vc="1" uspid="137" ordinal="13" offset="137" sl="117" sc="13" el="117" ec="14" bec="0" bev="0" fileid="1" />
                <SequencePoint vc="1" uspid="138" ordinal="14" offset="138" sl="118" sc="17" el="118" ec="37" bec="0" bev="0" fileid="1" />
                <SequencePoint vc="1" uspid="139" ordinal="15" offset="145" sl="119" sc="13" el="119" ec="14" bec="0" bev="0" fileid="1" />
                <SequencePoint vc="0" uspid="140" ordinal="16" offset="148" sl="121" sc="13" el="121" ec="14" bec="0" bev="0" fileid="1" />
                <SequencePoint vc="0" uspid="141" ordinal="17" offset="149" sl="122" sc="17" el="122" ec="39" bec="0" bev="0" fileid="1" />
                <SequencePoint vc="1" uspid="142" ordinal="18" offset="155" sl="124" sc="9" el="124" ec="10" bec="0" bev="0" fileid="1" />
              </SequencePoints>
              <BranchPoints>
                <BranchPoint vc="1" uspid="143" ordinal="0" offset="135" sl="116" path="0" offsetend="137" fileid="1" />
                <BranchPoint vc="0" uspid="144" ordinal="1" offset="135" sl="116" path="1" offsetend="148" fileid="1" />
              </BranchPoints>
              <MethodPoint xsi:type="SequencePoint" vc="1" uspid="124" ordinal="0" offset="0" sl="104" sc="9" el="104" ec="10" bec="0" bev="0" fileid="1" />
            </Method>
            <Method visited="true" cyclomaticComplexity="2" nPathComplexity="2" sequenceCoverage="89.47" branchCoverage="66.67" crapScore="2.00" isConstructor="false" isStatic="false" isGetter="false" isSetter="false">
              <Summary numSequencePoints="19" visitedSequencePoints="17" numBranchPoints="3" visitedBranchPoints="2" sequenceCoverage="89.47" branchCoverage="66.67" maxCyclomaticComplexity="2" minCyclomaticComplexity="2" maxCrapScore="2.00" minCrapScore="2.00" visitedClasses="0" numClasses="0" visitedMethods="1" numMethods="1" />
              <MetadataToken>100663301</MetadataToken>
              <Name>System.Void LabWork5.test.UnitTest1::FiveCoursExStudentsCheck()</Name>
              <FileRef uid="1" />
              <SequencePoints>
                <SequencePoint vc="1" uspid="145" ordinal="0" offset="0" sl="127" sc="9" el="127" ec="10" bec="0" bev="0" fileid="1" />
                <SequencePoint vc="1" uspid="146" ordinal="1" offset="1" sl="128" sc="13" el="128" ec="45" bec="0" bev="0" fileid="1" />
                <SequencePoint vc="1" uspid="147" ordinal="2" offset="7" sl="129" sc="13" el="129" ec="37" bec="0" bev="0" fileid="1" />
                <SequencePoint vc="1" uspid="148" ordinal="3" offset="19" sl="130" sc="13" el="130" ec="41" bec="0" bev="0" fileid="1" />
                <SequencePoint vc="1" uspid="149" ordinal="4" offset="31" sl="131" sc="13" el="131" ec="36" bec="0" bev="0" fileid="1" />
                <SequencePoint vc="1" uspid="150" ordinal="5" offset="43" sl="132" sc="13" el="132" ec="55" bec="0" bev="0" fileid="1" />
                <SequencePoint vc="1" uspid="151" ordinal="6" offset="55" sl="133" sc="13" el="133" ec="46" bec="0" bev="0" fileid="1" />
                <SequencePoint vc="1" uspid="152" ordinal="7" offset="67" sl="134" sc="13" el="134" ec="32" bec="0" bev="0" fileid="1" />
                <SequencePoint vc="1" uspid="153" ordinal="8" offset="75" sl="135" sc="13" el="135" ec="39" bec="0" bev="0" fileid="1" />
                <SequencePoint vc="1" uspid="154" ordinal="9" offset="91" sl="136" sc="13" el="136" ec="38" bec="0" bev="0" fileid="1" />
                <SequencePoint vc="1" uspid="155" ordinal="10" offset="103" sl="137" sc="13" el="137" ec="43" bec="0" bev="0" fileid="1" />
                <SequencePoint vc="1" uspid="156" ordinal="11" offset="115" sl="138" sc="13" el="138" ec="57" bec="0" bev="0" fileid="1" />
                <SequencePoint vc="1" uspid="157" ordinal="12" offset="127" sl="139" sc="13" el="139" ec="48" bec="2" bev="1" fileid="1" />
                <SequencePoint vc="0" uspid="158" ordinal="13" offset="137" sl="140" sc="13" el="140" ec="14" bec="0" bev="0" fileid="1" />
                <SequencePoint vc="0" uspid="159" ordinal="14" offset="138" sl="141" sc="17" el="141" ec="39" bec="0" bev="0" fileid="1" />
                <SequencePoint vc="1" uspid="160" ordinal="15" offset="144" sl="144" sc="13" el="144" ec="14" bec="0" bev="0" fileid="1" />
                <SequencePoint vc="1" uspid="161" ordinal="16" offset="145" sl="145" sc="17" el="145" ec="37" bec="0" bev="0" fileid="1" />
                <SequencePoint vc="1" uspid="162" ordinal="17" offset="152" sl="146" sc="13" el="146" ec="14" bec="0" bev="0" fileid="1" />
                <SequencePoint vc="1" uspid="163" ordinal="18" offset="153" sl="147" sc="9" el="147" ec="10" bec="0" bev="0" fileid="1" />
              </SequencePoints>
              <BranchPoints>
                <BranchPoint vc="0" uspid="164" ordinal="0" offset="135" sl="139" path="0" offsetend="137" fileid="1" />
                <BranchPoint vc="1" uspid="165" ordinal="1" offset="135" sl="139" path="1" offsetend="144" fileid="1" />
              </BranchPoints>
              <MethodPoint xsi:type="SequencePoint" vc="1" uspid="145" ordinal="0" offset="0" sl="127" sc="9" el="127" ec="10" bec="0" bev="0" fileid="1" />
            </Method>
            <Method visited="true" cyclomaticComplexity="1" nPathComplexity="0" sequenceCoverage="90" branchCoverage="100" crapScore="1.00" isConstructor="false" isStatic="false" isGetter="false" isSetter="false">
              <Summary numSequencePoints="10" visitedSequencePoints="9" numBranchPoints="1" visitedBranchPoints="1" sequenceCoverage="90" branchCoverage="100" maxCyclomaticComplexity="1" minCyclomaticComplexity="1" maxCrapScore="1.00" minCrapScore="1.00" visitedClasses="0" numClasses="0" visitedMethods="1" numMethods="1" />
              <MetadataToken>100663302</MetadataToken>
              <Name>System.Void LabWork5.test.UnitTest1::StudentsSexExceptionsCheck()</Name>
              <FileRef uid="1" />
              <SequencePoints>
                <SequencePoint vc="1" uspid="166" ordinal="0" offset="0" sl="150" sc="9" el="150" ec="10" bec="0" bev="0" fileid="1" />
                <SequencePoint vc="1" uspid="167" ordinal="1" offset="1" sl="151" sc="13" el="151" ec="45" bec="0" bev="0" fileid="1" />
                <SequencePoint vc="1" uspid="168" ordinal="2" offset="7" sl="153" sc="13" el="153" ec="14" bec="0" bev="0" fileid="1" />
                <SequencePoint vc="1" uspid="169" ordinal="3" offset="8" sl="154" sc="17" el="154" ec="39" bec="0" bev="0" fileid="1" />
                <SequencePoint vc="0" uspid="170" ordinal="4" offset="20" sl="155" sc="13" el="155" ec="14" bec="0" bev="0" fileid="1" />
                <SequencePoint vc="1" uspid="171" ordinal="5" offset="23" sl="156" sc="13" el="156" ec="18" bec="0" bev="0" fileid="1" />
                <SequencePoint vc="1" uspid="172" ordinal="6" offset="24" sl="157" sc="13" el="157" ec="14" bec="0" bev="0" fileid="1" />
                <SequencePoint vc="1" uspid="173" ordinal="7" offset="25" sl="158" sc="17" el="158" ec="37" bec="0" bev="0" fileid="1" />
                <SequencePoint vc="1" uspid="174" ordinal="8" offset="32" sl="159" sc="13" el="159" ec="14" bec="0" bev="0" fileid="1" />
                <SequencePoint vc="1" uspid="175" ordinal="9" offset="35" sl="160" sc="9" el="160" ec="10" bec="0" bev="0" fileid="1" />
              </SequencePoints>
              <BranchPoints />
              <MethodPoint xsi:type="SequencePoint" vc="1" uspid="166" ordinal="0" offset="0" sl="150" sc="9" el="150" ec="10" bec="0" bev="0" fileid="1" />
            </Method>
            <Method visited="true" cyclomaticComplexity="1" nPathComplexity="0" sequenceCoverage="90" branchCoverage="100" crapScore="1.00" isConstructor="false" isStatic="false" isGetter="false" isSetter="false">
              <Summary numSequencePoints="10" visitedSequencePoints="9" numBranchPoints="1" visitedBranchPoints="1" sequenceCoverage="90" branchCoverage="100" maxCyclomaticComplexity="1" minCyclomaticComplexity="1" maxCrapScore="1.00" minCrapScore="1.00" visitedClasses="0" numClasses="0" visitedMethods="1" numMethods="1" />
              <MetadataToken>100663303</MetadataToken>
              <Name>System.Void LabWork5.test.UnitTest1::StudentsIdentificationCodeExceptionsCheck()</Name>
              <FileRef uid="1" />
              <SequencePoints>
                <SequencePoint vc="1" uspid="176" ordinal="0" offset="0" sl="163" sc="9" el="163" ec="10" bec="0" bev="0" fileid="1" />
                <SequencePoint vc="1" uspid="177" ordinal="1" offset="1" sl="164" sc="13" el="164" ec="45" bec="0" bev="0" fileid="1" />
                <SequencePoint vc="1" uspid="178" ordinal="2" offset="7" sl="166" sc="13" el="166" ec="14" bec="0" bev="0" fileid="1" />
                <SequencePoint vc="1" uspid="179" ordinal="3" offset="8" sl="167" sc="17" el="167" ec="54" bec="0" bev="0" fileid="1" />
                <SequencePoint vc="0" uspid="180" ordinal="4" offset="20" sl="168" sc="13" el="168" ec="14" bec="0" bev="0" fileid="1" />
                <SequencePoint vc="1" uspid="181" ordinal="5" offset="23" sl="169" sc="13" el="169" ec="18" bec="0" bev="0" fileid="1" />
                <SequencePoint vc="1" uspid="182" ordinal="6" offset="24" sl="170" sc="13" el="170" ec="14" bec="0" bev="0" fileid="1" />
                <SequencePoint vc="1" uspid="183" ordinal="7" offset="25" sl="171" sc="17" el="171" ec="37" bec="0" bev="0" fileid="1" />
                <SequencePoint vc="1" uspid="184" ordinal="8" offset="32" sl="172" sc="13" el="172" ec="14" bec="0" bev="0" fileid="1" />
                <SequencePoint vc="1" uspid="185" ordinal="9" offset="35" sl="173" sc="9" el="173" ec="10" bec="0" bev="0" fileid="1" />
              </SequencePoints>
              <BranchPoints />
              <MethodPoint xsi:type="SequencePoint" vc="1" uspid="176" ordinal="0" offset="0" sl="163" sc="9" el="163" ec="10" bec="0" bev="0" fileid="1" />
            </Method>
            <Method visited="true" cyclomaticComplexity="1" nPathComplexity="0" sequenceCoverage="90" branchCoverage="100" crapScore="1.00" isConstructor="false" isStatic="false" isGetter="false" isSetter="false">
              <Summary numSequencePoints="10" visitedSequencePoints="9" numBranchPoints="1" visitedBranchPoints="1" sequenceCoverage="90" branchCoverage="100" maxCyclomaticComplexity="1" minCyclomaticComplexity="1" maxCrapScore="1.00" minCrapScore="1.00" visitedClasses="0" numClasses="0" visitedMethods="1" numMethods="1" />
              <MetadataToken>100663304</MetadataToken>
              <Name>System.Void LabWork5.test.UnitTest1::StudentsStudentIDExceptionsCheck()</Name>
              <FileRef uid="1" />
              <SequencePoints>
                <SequencePoint vc="1" uspid="186" ordinal="0" offset="0" sl="176" sc="9" el="176" ec="10" bec="0" bev="0" fileid="1" />
                <SequencePoint vc="1" uspid="187" ordinal="1" offset="1" sl="177" sc="13" el="177" ec="45" bec="0" bev="0" fileid="1" />
                <SequencePoint vc="1" uspid="188" ordinal="2" offset="7" sl="179" sc="13" el="179" ec="14" bec="0" bev="0" fileid="1" />
                <SequencePoint vc="1" uspid="189" ordinal="3" offset="8" sl="180" sc="17" el="180" ec="45" bec="0" bev="0" fileid="1" />
                <SequencePoint vc="0" uspid="190" ordinal="4" offset="20" sl="181" sc="13" el="181" ec="14" bec="0" bev="0" fileid="1" />
                <SequencePoint vc="1" uspid="191" ordinal="5" offset="23" sl="182" sc="13" el="182" ec="18" bec="0" bev="0" fileid="1" />
                <SequencePoint vc="1" uspid="192" ordinal="6" offset="24" sl="183" sc="13" el="183" ec="14" bec="0" bev="0" fileid="1" />
                <SequencePoint vc="1" uspid="193" ordinal="7" offset="25" sl="184" sc="17" el="184" ec="37" bec="0" bev="0" fileid="1" />
                <SequencePoint vc="1" uspid="194" ordinal="8" offset="32" sl="185" sc="13" el="185" ec="14" bec="0" bev="0" fileid="1" />
                <SequencePoint vc="1" uspid="195" ordinal="9" offset="35" sl="186" sc="9" el="186" ec="10" bec="0" bev="0" fileid="1" />
              </SequencePoints>
              <BranchPoints />
              <MethodPoint xsi:type="SequencePoint" vc="1" uspid="186" ordinal="0" offset="0" sl="176" sc="9" el="176" ec="10" bec="0" bev="0" fileid="1" />
            </Method>
            <Method visited="true" cyclomaticComplexity="1" nPathComplexity="0" sequenceCoverage="90" branchCoverage="100" crapScore="1.00" isConstructor="false" isStatic="false" isGetter="false" isSetter="false">
              <Summary numSequencePoints="10" visitedSequencePoints="9" numBranchPoints="1" visitedBranchPoints="1" sequenceCoverage="90" branchCoverage="100" maxCyclomaticComplexity="1" minCyclomaticComplexity="1" maxCrapScore="1.00" minCrapScore="1.00" visitedClasses="0" numClasses="0" visitedMethods="1" numMethods="1" />
              <MetadataToken>100663305</MetadataToken>
              <Name>System.Void LabWork5.test.UnitTest1::StudentsCourseExceptionsCheck()</Name>
              <FileRef uid="1" />
              <SequencePoints>
                <SequencePoint vc="1" uspid="196" ordinal="0" offset="0" sl="189" sc="9" el="189" ec="10" bec="0" bev="0" fileid="1" />
                <SequencePoint vc="1" uspid="197" ordinal="1" offset="1" sl="190" sc="13" el="190" ec="45" bec="0" bev="0" fileid="1" />
                <SequencePoint vc="1" uspid="198" ordinal="2" offset="7" sl="192" sc="13" el="192" ec="14" bec="0" bev="0" fileid="1" />
                <SequencePoint vc="1" uspid="199" ordinal="3" offset="8" sl="193" sc="17" el="193" ec="40" bec="0" bev="0" fileid="1" />
                <SequencePoint vc="0" uspid="200" ordinal="4" offset="20" sl="194" sc="13" el="194" ec="14" bec="0" bev="0" fileid="1" />
                <SequencePoint vc="1" uspid="201" ordinal="5" offset="23" sl="195" sc="13" el="195" ec="18" bec="0" bev="0" fileid="1" />
                <SequencePoint vc="1" uspid="202" ordinal="6" offset="24" sl="196" sc="13" el="196" ec="14" bec="0" bev="0" fileid="1" />
                <SequencePoint vc="1" uspid="203" ordinal="7" offset="25" sl="197" sc="17" el="197" ec="37" bec="0" bev="0" fileid="1" />
                <SequencePoint vc="1" uspid="204" ordinal="8" offset="32" sl="198" sc="13" el="198" ec="14" bec="0" bev="0" fileid="1" />
                <SequencePoint vc="1" uspid="205" ordinal="9" offset="35" sl="199" sc="9" el="199" ec="10" bec="0" bev="0" fileid="1" />
              </SequencePoints>
              <BranchPoints />
              <MethodPoint xsi:type="SequencePoint" vc="1" uspid="196" ordinal="0" offset="0" sl="189" sc="9" el="189" ec="10" bec="0" bev="0" fileid="1" />
            </Method>
            <Method visited="true" cyclomaticComplexity="1" nPathComplexity="0" sequenceCoverage="90" branchCoverage="100" crapScore="1.00" isConstructor="false" isStatic="false" isGetter="false" isSetter="false">
              <Summary numSequencePoints="10" visitedSequencePoints="9" numBranchPoints="1" visitedBranchPoints="1" sequenceCoverage="90" branchCoverage="100" maxCyclomaticComplexity="1" minCyclomaticComplexity="1" maxCrapScore="1.00" minCrapScore="1.00" visitedClasses="0" numClasses="0" visitedMethods="1" numMethods="1" />
              <MetadataToken>100663306</MetadataToken>
              <Name>System.Void LabWork5.test.UnitTest1::StudentsAverageMarkExceptionsCheck()</Name>
              <FileRef uid="1" />
              <SequencePoints>
                <SequencePoint vc="1" uspid="206" ordinal="0" offset="0" sl="202" sc="9" el="202" ec="10" bec="0" bev="0" fileid="1" />
                <SequencePoint vc="1" uspid="207" ordinal="1" offset="1" sl="203" sc="13" el="203" ec="45" bec="0" bev="0" fileid="1" />
                <SequencePoint vc="1" uspid="208" ordinal="2" offset="7" sl="205" sc="13" el="205" ec="14" bec="0" bev="0" fileid="1" />
                <SequencePoint vc="1" uspid="209" ordinal="3" offset="8" sl="206" sc="17" el="206" ec="45" bec="0" bev="0" fileid="1" />
                <SequencePoint vc="0" uspid="210" ordinal="4" offset="24" sl="207" sc="13" el="207" ec="14" bec="0" bev="0" fileid="1" />
                <SequencePoint vc="1" uspid="211" ordinal="5" offset="27" sl="208" sc="13" el="208" ec="18" bec="0" bev="0" fileid="1" />
                <SequencePoint vc="1" uspid="212" ordinal="6" offset="28" sl="209" sc="13" el="209" ec="14" bec="0" bev="0" fileid="1" />
                <SequencePoint vc="1" uspid="213" ordinal="7" offset="29" sl="210" sc="17" el="210" ec="37" bec="0" bev="0" fileid="1" />
                <SequencePoint vc="1" uspid="214" ordinal="8" offset="36" sl="211" sc="13" el="211" ec="14" bec="0" bev="0" fileid="1" />
                <SequencePoint vc="1" uspid="215" ordinal="9" offset="39" sl="212" sc="9" el="212" ec="10" bec="0" bev="0" fileid="1" />
              </SequencePoints>
              <BranchPoints />
              <MethodPoint xsi:type="SequencePoint" vc="1" uspid="206" ordinal="0" offset="0" sl="202" sc="9" el="202" ec="10" bec="0" bev="0" fileid="1" />
            </Method>
            <Method visited="true" cyclomaticComplexity="1" nPathComplexity="0" sequenceCoverage="90" branchCoverage="100" crapScore="1.00" isConstructor="false" isStatic="false" isGetter="false" isSetter="false">
              <Summary numSequencePoints="10" visitedSequencePoints="9" numBranchPoints="1" visitedBranchPoints="1" sequenceCoverage="90" branchCoverage="100" maxCyclomaticComplexity="1" minCyclomaticComplexity="1" maxCrapScore="1.00" minCrapScore="1.00" visitedClasses="0" numClasses="0" visitedMethods="1" numMethods="1" />
              <MetadataToken>100663307</MetadataToken>
              <Name>System.Void LabWork5.test.UnitTest1::StudentsAverageMarkExceptionsCheck2()</Name>
              <FileRef uid="1" />
              <SequencePoints>
                <SequencePoint vc="1" uspid="216" ordinal="0" offset="0" sl="215" sc="9" el="215" ec="10" bec="0" bev="0" fileid="1" />
                <SequencePoint vc="1" uspid="217" ordinal="1" offset="1" sl="216" sc="13" el="216" ec="45" bec="0" bev="0" fileid="1" />
                <SequencePoint vc="1" uspid="218" ordinal="2" offset="7" sl="218" sc="13" el="218" ec="14" bec="0" bev="0" fileid="1" />
                <SequencePoint vc="1" uspid="219" ordinal="3" offset="8" sl="219" sc="17" el="219" ec="42" bec="0" bev="0" fileid="1" />
                <SequencePoint vc="0" uspid="220" ordinal="4" offset="24" sl="220" sc="13" el="220" ec="14" bec="0" bev="0" fileid="1" />
                <SequencePoint vc="1" uspid="221" ordinal="5" offset="27" sl="221" sc="13" el="221" ec="18" bec="0" bev="0" fileid="1" />
                <SequencePoint vc="1" uspid="222" ordinal="6" offset="28" sl="222" sc="13" el="222" ec="14" bec="0" bev="0" fileid="1" />
                <SequencePoint vc="1" uspid="223" ordinal="7" offset="29" sl="223" sc="17" el="223" ec="37" bec="0" bev="0" fileid="1" />
                <SequencePoint vc="1" uspid="224" ordinal="8" offset="36" sl="224" sc="13" el="224" ec="14" bec="0" bev="0" fileid="1" />
                <SequencePoint vc="1" uspid="225" ordinal="9" offset="39" sl="225" sc="9" el="225" ec="10" bec="0" bev="0" fileid="1" />
              </SequencePoints>
              <BranchPoints />
              <MethodPoint xsi:type="SequencePoint" vc="1" uspid="216" ordinal="0" offset="0" sl="215" sc="9" el="215" ec="10" bec="0" bev="0" fileid="1" />
            </Method>
            <Method visited="true" cyclomaticComplexity="1" nPathComplexity="0" sequenceCoverage="90" branchCoverage="100" crapScore="1.00" isConstructor="false" isStatic="false" isGetter="false" isSetter="false">
              <Summary numSequencePoints="10" visitedSequencePoints="9" numBranchPoints="1" visitedBranchPoints="1" sequenceCoverage="90" branchCoverage="100" maxCyclomaticComplexity="1" minCyclomaticComplexity="1" maxCrapScore="1.00" minCrapScore="1.00" visitedClasses="0" numClasses="0" visitedMethods="1" numMethods="1" />
              <MetadataToken>100663308</MetadataToken>
              <Name>System.Void LabWork5.test.UnitTest1::StudentsCoockingExceptionsCheck()</Name>
              <FileRef uid="1" />
              <SequencePoints>
                <SequencePoint vc="1" uspid="226" ordinal="0" offset="0" sl="228" sc="9" el="228" ec="10" bec="0" bev="0" fileid="1" />
                <SequencePoint vc="1" uspid="227" ordinal="1" offset="1" sl="229" sc="13" el="229" ec="45" bec="0" bev="0" fileid="1" />
                <SequencePoint vc="1" uspid="228" ordinal="2" offset="7" sl="231" sc="13" el="231" ec="14" bec="0" bev="0" fileid="1" />
                <SequencePoint vc="1" uspid="229" ordinal="3" offset="8" sl="232" sc="17" el="232" ec="43" bec="0" bev="0" fileid="1" />
                <SequencePoint vc="0" uspid="230" ordinal="4" offset="20" sl="233" sc="13" el="233" ec="14" bec="0" bev="0" fileid="1" />
                <SequencePoint vc="1" uspid="231" ordinal="5" offset="23" sl="234" sc="13" el="234" ec="18" bec="0" bev="0" fileid="1" />
                <SequencePoint vc="1" uspid="232" ordinal="6" offset="24" sl="235" sc="13" el="235" ec="14" bec="0" bev="0" fileid="1" />
                <SequencePoint vc="1" uspid="233" ordinal="7" offset="25" sl="236" sc="17" el="236" ec="37" bec="0" bev="0" fileid="1" />
                <SequencePoint vc="1" uspid="234" ordinal="8" offset="32" sl="237" sc="13" el="237" ec="14" bec="0" bev="0" fileid="1" />
                <SequencePoint vc="1" uspid="235" ordinal="9" offset="35" sl="238" sc="9" el="238" ec="10" bec="0" bev="0" fileid="1" />
              </SequencePoints>
              <BranchPoints />
              <MethodPoint xsi:type="SequencePoint" vc="1" uspid="226" ordinal="0" offset="0" sl="228" sc="9" el="228" ec="10" bec="0" bev="0" fileid="1" />
            </Method>
            <Method visited="true" cyclomaticComplexity="1" nPathComplexity="0" sequenceCoverage="90.91" branchCoverage="100" crapScore="1.00" isConstructor="false" isStatic="false" isGetter="false" isSetter="false">
              <Summary numSequencePoints="11" visitedSequencePoints="10" numBranchPoints="1" visitedBranchPoints="1" sequenceCoverage="90.91" branchCoverage="100" maxCyclomaticComplexity="1" minCyclomaticComplexity="1" maxCrapScore="1.00" minCrapScore="1.00" visitedClasses="0" numClasses="0" visitedMethods="1" numMethods="1" />
              <MetadataToken>100663309</MetadataToken>
              <Name>System.Void LabWork5.test.UnitTest1::StudentsDiplomaExceptionsCheck()</Name>
              <FileRef uid="1" />
              <SequencePoints>
                <SequencePoint vc="1" uspid="236" ordinal="0" offset="0" sl="241" sc="9" el="241" ec="10" bec="0" bev="0" fileid="1" />
                <SequencePoint vc="1" uspid="237" ordinal="1" offset="1" sl="242" sc="13" el="242" ec="45" bec="0" bev="0" fileid="1" />
                <SequencePoint vc="1" uspid="238" ordinal="2" offset="7" sl="244" sc="13" el="244" ec="14" bec="0" bev="0" fileid="1" />
                <SequencePoint vc="1" uspid="239" ordinal="3" offset="8" sl="245" sc="17" el="245" ec="36" bec="0" bev="0" fileid="1" />
                <SequencePoint vc="1" uspid="240" ordinal="4" offset="16" sl="246" sc="17" el="246" ec="40" bec="0" bev="0" fileid="1" />
                <SequencePoint vc="0" uspid="241" ordinal="5" offset="28" sl="247" sc="13" el="247" ec="14" bec="0" bev="0" fileid="1" />
                <SequencePoint vc="1" uspid="242" ordinal="6" offset="31" sl="248" sc="13" el="248" ec="18" bec="0" bev="0" fileid="1" />
                <SequencePoint vc="1" uspid="243" ordinal="7" offset="32" sl="249" sc="13" el="249" ec="14" bec="0" bev="0" fileid="1" />
                <SequencePoint vc="1" uspid="244" ordinal="8" offset="33" sl="250" sc="17" el="250" ec="37" bec="0" bev="0" fileid="1" />
                <SequencePoint vc="1" uspid="245" ordinal="9" offset="40" sl="251" sc="13" el="251" ec="14" bec="0" bev="0" fileid="1" />
                <SequencePoint vc="1" uspid="246" ordinal="10" offset="43" sl="252" sc="9" el="252" ec="10" bec="0" bev="0" fileid="1" />
              </SequencePoints>
              <BranchPoints />
              <MethodPoint xsi:type="SequencePoint" vc="1" uspid="236" ordinal="0" offset="0" sl="241" sc="9" el="241" ec="10" bec="0" bev="0" fileid="1" />
            </Method>
            <Method visited="true" cyclomaticComplexity="1" nPathComplexity="0" sequenceCoverage="90.91" branchCoverage="100" crapScore="1.00" isConstructor="false" isStatic="false" isGetter="false" isSetter="false">
              <Summary numSequencePoints="11" visitedSequencePoints="10" numBranchPoints="1" visitedBranchPoints="1" sequenceCoverage="90.91" branchCoverage="100" maxCyclomaticComplexity="1" minCyclomaticComplexity="1" maxCrapScore="1.00" minCrapScore="1.00" visitedClasses="0" numClasses="0" visitedMethods="1" numMethods="1" />
              <MetadataToken>100663310</MetadataToken>
              <Name>System.Void LabWork5.test.UnitTest1::StudentsDiplomaExceptionsCheck2()</Name>
              <FileRef uid="1" />
              <SequencePoints>
                <SequencePoint vc="1" uspid="247" ordinal="0" offset="0" sl="255" sc="9" el="255" ec="10" bec="0" bev="0" fileid="1" />
                <SequencePoint vc="1" uspid="248" ordinal="1" offset="1" sl="256" sc="13" el="256" ec="45" bec="0" bev="0" fileid="1" />
                <SequencePoint vc="1" uspid="249" ordinal="2" offset="7" sl="258" sc="13" el="258" ec="14" bec="0" bev="0" fileid="1" />
                <SequencePoint vc="1" uspid="250" ordinal="3" offset="8" sl="259" sc="17" el="259" ec="36" bec="0" bev="0" fileid="1" />
                <SequencePoint vc="1" uspid="251" ordinal="4" offset="16" sl="260" sc="17" el="260" ec="40" bec="0" bev="0" fileid="1" />
                <SequencePoint vc="0" uspid="252" ordinal="5" offset="28" sl="261" sc="13" el="261" ec="14" bec="0" bev="0" fileid="1" />
                <SequencePoint vc="1" uspid="253" ordinal="6" offset="31" sl="262" sc="13" el="262" ec="18" bec="0" bev="0" fileid="1" />
                <SequencePoint vc="1" uspid="254" ordinal="7" offset="32" sl="263" sc="13" el="263" ec="14" bec="0" bev="0" fileid="1" />
                <SequencePoint vc="1" uspid="255" ordinal="8" offset="33" sl="264" sc="17" el="264" ec="37" bec="0" bev="0" fileid="1" />
                <SequencePoint vc="1" uspid="256" ordinal="9" offset="40" sl="265" sc="13" el="265" ec="14" bec="0" bev="0" fileid="1" />
                <SequencePoint vc="1" uspid="257" ordinal="10" offset="43" sl="266" sc="9" el="266" ec="10" bec="0" bev="0" fileid="1" />
              </SequencePoints>
              <BranchPoints />
              <MethodPoint xsi:type="SequencePoint" vc="1" uspid="247" ordinal="0" offset="0" sl="255" sc="9" el="255" ec="10" bec="0" bev="0" fileid="1" />
            </Method>
            <Method visited="true" cyclomaticComplexity="1" nPathComplexity="0" sequenceCoverage="90" branchCoverage="100" crapScore="1.00" isConstructor="false" isStatic="false" isGetter="false" isSetter="false">
              <Summary numSequencePoints="10" visitedSequencePoints="9" numBranchPoints="1" visitedBranchPoints="1" sequenceCoverage="90" branchCoverage="100" maxCyclomaticComplexity="1" minCyclomaticComplexity="1" maxCrapScore="1.00" minCrapScore="1.00" visitedClasses="0" numClasses="0" visitedMethods="1" numMethods="1" />
              <MetadataToken>100663311</MetadataToken>
              <Name>System.Void LabWork5.test.UnitTest1::StudentsEquipmentForEntertainmentExceptionsCheck()</Name>
              <FileRef uid="1" />
              <SequencePoints>
                <SequencePoint vc="1" uspid="258" ordinal="0" offset="0" sl="269" sc="9" el="269" ec="10" bec="0" bev="0" fileid="1" />
                <SequencePoint vc="1" uspid="259" ordinal="1" offset="1" sl="270" sc="13" el="270" ec="45" bec="0" bev="0" fileid="1" />
                <SequencePoint vc="1" uspid="260" ordinal="2" offset="7" sl="272" sc="13" el="272" ec="14" bec="0" bev="0" fileid="1" />
                <SequencePoint vc="1" uspid="261" ordinal="3" offset="8" sl="273" sc="17" el="273" ec="60" bec="0" bev="0" fileid="1" />
                <SequencePoint vc="0" uspid="262" ordinal="4" offset="20" sl="274" sc="13" el="274" ec="14" bec="0" bev="0" fileid="1" />
                <SequencePoint vc="1" uspid="263" ordinal="5" offset="23" sl="275" sc="13" el="275" ec="18" bec="0" bev="0" fileid="1" />
                <SequencePoint vc="1" uspid="264" ordinal="6" offset="24" sl="276" sc="13" el="276" ec="14" bec="0" bev="0" fileid="1" />
                <SequencePoint vc="1" uspid="265" ordinal="7" offset="25" sl="277" sc="17" el="277" ec="37" bec="0" bev="0" fileid="1" />
                <SequencePoint vc="1" uspid="266" ordinal="8" offset="32" sl="278" sc="13" el="278" ec="14" bec="0" bev="0" fileid="1" />
                <SequencePoint vc="1" uspid="267" ordinal="9" offset="35" sl="279" sc="9" el="279" ec="10" bec="0" bev="0" fileid="1" />
              </SequencePoints>
              <BranchPoints />
              <MethodPoint xsi:type="SequencePoint" vc="1" uspid="258" ordinal="0" offset="0" sl="269" sc="9" el="269" ec="10" bec="0" bev="0" fileid="1" />
            </Method>
            <Method visited="false" cyclomaticComplexity="1" nPathComplexity="0" sequenceCoverage="0" branchCoverage="0" crapScore="2" isConstructor="true" isStatic="false" isGetter="false" isSetter="false">
              <Summary numSequencePoints="0" visitedSequencePoints="0" numBranchPoints="0" visitedBranchPoints="0" sequenceCoverage="0" branchCoverage="0" maxCyclomaticComplexity="1" minCyclomaticComplexity="1" maxCrapScore="2" minCrapScore="2" visitedClasses="0" numClasses="0" visitedMethods="0" numMethods="0" />
              <MetadataToken>100663312</MetadataToken>
              <Name>System.Void LabWork5.test.UnitTest1::.ctor()</Name>
              <SequencePoints />
              <BranchPoints />
              <MethodPoint vc="0" uspid="268" ordinal="0" offset="0" />
            </Method>
          </Methods>
        </Class>
      </Classes>
    </Module>
    <Module hash="98-98-D9-DE-1F-B7-5F-36-92-69-3B-03-D6-5B-12-A7-39-CF-2D-1E">
      <Summary numSequencePoints="162" visitedSequencePoints="162" numBranchPoints="84" visitedBranchPoints="79" sequenceCoverage="100" branchCoverage="94.05" maxCyclomaticComplexity="6" minCyclomaticComplexity="1" maxCrapScore="6" minCrapScore="1" visitedClasses="7" numClasses="7" visitedMethods="34" numMethods="34" />
      <ModulePath>D:\vs project\LabWork5\LabWork5.test\bin\Debug\fine-code-coverage\build-output\BLL.dll</ModulePath>
      <ModuleTime>2022-01-05T04:15:49.4032757Z</ModuleTime>
      <ModuleName>BLL</ModuleName>
      <Files>
        <File uid="3" fullPath="D:\vs project\LabWork5\BLL\Dentist.cs" />
        <File uid="4" fullPath="D:\vs project\LabWork5\BLL\FiveCoursStudents.cs" />
        <File uid="5" fullPath="D:\vs project\LabWork5\BLL\Human.cs" />
        <File uid="6" fullPath="D:\vs project\LabWork5\BLL\Storyteller.cs" />
        <File uid="7" fullPath="D:\vs project\LabWork5\BLL\Student.cs" />
        <File uid="8" fullPath="D:\vs project\LabWork5\BLL\ExceptionClass\CatchExceptions.cs" />
        <File uid="9" fullPath="D:\vs project\LabWork5\BLL\ExceptionClass\ExceptionsCheck.cs" />
      </Files>
      <Classes>
        <Class>
          <Summary numSequencePoints="2" visitedSequencePoints="2" numBranchPoints="2" visitedBranchPoints="2" sequenceCoverage="100" branchCoverage="100" maxCyclomaticComplexity="1" minCyclomaticComplexity="1" maxCrapScore="2" minCrapScore="1" visitedClasses="1" numClasses="1" visitedMethods="2" numMethods="2" />
          <FullName>BLL.Dentist</FullName>
          <Methods>
            <Method visited="true" cyclomaticComplexity="1" nPathComplexity="0" sequenceCoverage="100" branchCoverage="100" crapScore="1" isConstructor="false" isStatic="false" isGetter="true" isSetter="false">
              <Summary numSequencePoints="1" visitedSequencePoints="1" numBranchPoints="1" visitedBranchPoints="1" sequenceCoverage="100" branchCoverage="100" maxCyclomaticComplexity="1" minCyclomaticComplexity="1" maxCrapScore="1" minCrapScore="1" visitedClasses="0" numClasses="0" visitedMethods="1" numMethods="1" />
              <MetadataToken>100663297</MetadataToken>
              <Name>System.String BLL.Dentist::get_DentistryLevel()</Name>
              <FileRef uid="3" />
              <SequencePoints>
                <SequencePoint vc="1" uspid="269" ordinal="0" offset="0" sl="12" sc="40" el="12" ec="44" bec="0" bev="0" fileid="3" />
              </SequencePoints>
              <BranchPoints />
              <MethodPoint xsi:type="SequencePoint" vc="1" uspid="269" ordinal="0" offset="0" sl="12" sc="40" el="12" ec="44" bec="0" bev="0" fileid="3" />
            </Method>
            <Method visited="true" cyclomaticComplexity="1" nPathComplexity="0" sequenceCoverage="100" branchCoverage="100" crapScore="1" isConstructor="false" isStatic="false" isGetter="false" isSetter="true">
              <Summary numSequencePoints="1" visitedSequencePoints="1" numBranchPoints="1" visitedBranchPoints="1" sequenceCoverage="100" branchCoverage="100" maxCyclomaticComplexity="1" minCyclomaticComplexity="1" maxCrapScore="1" minCrapScore="1" visitedClasses="0" numClasses="0" visitedMethods="1" numMethods="1" />
              <MetadataToken>100663298</MetadataToken>
              <Name>System.Void BLL.Dentist::set_DentistryLevel(System.String)</Name>
              <FileRef uid="3" />
              <SequencePoints>
                <SequencePoint vc="1" uspid="270" ordinal="0" offset="0" sl="12" sc="45" el="12" ec="49" bec="0" bev="0" fileid="3" />
              </SequencePoints>
              <BranchPoints />
              <MethodPoint xsi:type="SequencePoint" vc="1" uspid="270" ordinal="0" offset="0" sl="12" sc="45" el="12" ec="49" bec="0" bev="0" fileid="3" />
            </Method>
            <Method visited="false" cyclomaticComplexity="1" nPathComplexity="0" sequenceCoverage="0" branchCoverage="0" crapScore="2" isConstructor="true" isStatic="false" isGetter="false" isSetter="false">
              <Summary numSequencePoints="0" visitedSequencePoints="0" numBranchPoints="0" visitedBranchPoints="0" sequenceCoverage="0" branchCoverage="0" maxCyclomaticComplexity="1" minCyclomaticComplexity="1" maxCrapScore="2" minCrapScore="2" visitedClasses="0" numClasses="0" visitedMethods="0" numMethods="0" />
              <MetadataToken>100663299</MetadataToken>
              <Name>System.Void BLL.Dentist::.ctor()</Name>
              <SequencePoints />
              <BranchPoints />
              <MethodPoint vc="0" uspid="271" ordinal="0" offset="0" />
            </Method>
          </Methods>
        </Class>
        <Class>
          <Summary numSequencePoints="6" visitedSequencePoints="6" numBranchPoints="9" visitedBranchPoints="7" sequenceCoverage="100" branchCoverage="77.78" maxCyclomaticComplexity="6" minCyclomaticComplexity="6" maxCrapScore="6" minCrapScore="6" visitedClasses="1" numClasses="1" visitedMethods="1" numMethods="1" />
          <FullName>BLL.FiveCoursStudents</FullName>
          <Methods>
            <Method visited="true" cyclomaticComplexity="6" nPathComplexity="16" sequenceCoverage="100" branchCoverage="77.78" crapScore="6" isConstructor="false" isStatic="true" isGetter="false" isSetter="false">
              <Summary numSequencePoints="6" visitedSequencePoints="6" numBranchPoints="9" visitedBranchPoints="7" sequenceCoverage="100" branchCoverage="77.78" maxCyclomaticComplexity="6" minCyclomaticComplexity="6" maxCrapScore="6" minCrapScore="6" visitedClasses="0" numClasses="0" visitedMethods="1" numMethods="1" />
              <MetadataToken>100663300</MetadataToken>
              <Name>System.Boolean BLL.FiveCoursStudents::CheckStudent(BLL.Student)</Name>
              <FileRef uid="4" />
              <SequencePoints>
                <SequencePoint vc="2" uspid="272" ordinal="0" offset="0" sl="12" sc="9" el="12" ec="10" bec="0" bev="0" fileid="4" />
                <SequencePoint vc="2" uspid="273" ordinal="1" offset="1" sl="13" sc="13" el="13" ec="124" bec="7" bev="6" fileid="4" />
                <SequencePoint vc="1" uspid="274" ordinal="2" offset="75" sl="14" sc="13" el="14" ec="14" bec="0" bev="0" fileid="4" />
                <SequencePoint vc="1" uspid="275" ordinal="3" offset="76" sl="15" sc="17" el="15" ec="29" bec="0" bev="0" fileid="4" />
                <SequencePoint vc="1" uspid="276" ordinal="4" offset="80" sl="17" sc="13" el="17" ec="26" bec="0" bev="0" fileid="4" />
                <SequencePoint vc="2" uspid="277" ordinal="5" offset="84" sl="18" sc="9" el="18" ec="10" bec="0" bev="0" fileid="4" />
              </SequencePoints>
              <BranchPoints>
                <BranchPoint vc="2" uspid="278" ordinal="0" offset="17" sl="13" path="0" offsetend="19" fileid="4" />
                <BranchPoint vc="0" uspid="279" ordinal="1" offset="17" sl="13" path="1" offsetend="70" fileid="4" />
                <BranchPoint vc="1" uspid="280" ordinal="2" offset="26" sl="13" path="0" offsetend="28" fileid="4" />
                <BranchPoint vc="1" uspid="281" ordinal="3" offset="26" sl="13" path="1" offsetend="70" fileid="4" />
                <BranchPoint vc="1" uspid="282" ordinal="4" offset="43" sl="13" path="0" offsetend="45" fileid="4" />
                <BranchPoint vc="0" uspid="283" ordinal="5" offset="43" sl="13" path="1" offsetend="67" fileid="4" />
                <BranchPoint vc="1" uspid="284" ordinal="6" offset="73" sl="13" path="0" offsetend="75" fileid="4" />
                <BranchPoint vc="1" uspid="285" ordinal="7" offset="73" sl="13" path="1" offsetend="80" fileid="4" />
              </BranchPoints>
              <MethodPoint xsi:type="SequencePoint" vc="2" uspid="272" ordinal="0" offset="0" sl="12" sc="9" el="12" ec="10" bec="0" bev="0" fileid="4" />
            </Method>
          </Methods>
        </Class>
        <Class>
          <Summary numSequencePoints="48" visitedSequencePoints="48" numBranchPoints="20" visitedBranchPoints="20" sequenceCoverage="100" branchCoverage="100" maxCyclomaticComplexity="2" minCyclomaticComplexity="1" maxCrapScore="2" minCrapScore="1" visitedClasses="1" numClasses="1" visitedMethods="12" numMethods="12" />
          <FullName>BLL.Human</FullName>
          <Methods>
            <Method visited="true" cyclomaticComplexity="1" nPathComplexity="0" sequenceCoverage="100" branchCoverage="100" crapScore="1" isConstructor="false" isStatic="false" isGetter="true" isSetter="false">
              <Summary numSequencePoints="1" visitedSequencePoints="1" numBranchPoints="1" visitedBranchPoints="1" sequenceCoverage="100" branchCoverage="100" maxCyclomaticComplexity="1" minCyclomaticComplexity="1" maxCrapScore="1" minCrapScore="1" visitedClasses="0" numClasses="0" visitedMethods="1" numMethods="1" />
              <MetadataToken>100663301</MetadataToken>
              <Name>System.String BLL.Human::get_Name()</Name>
              <FileRef uid="5" />
              <SequencePoints>
                <SequencePoint vc="3" uspid="286" ordinal="0" offset="0" sl="14" sc="30" el="14" ec="34" bec="0" bev="0" fileid="5" />
              </SequencePoints>
              <BranchPoints />
              <MethodPoint xsi:type="SequencePoint" vc="3" uspid="286" ordinal="0" offset="0" sl="14" sc="30" el="14" ec="34" bec="0" bev="0" fileid="5" />
            </Method>
            <Method visited="true" cyclomaticComplexity="1" nPathComplexity="0" sequenceCoverage="100" branchCoverage="100" crapScore="1" isConstructor="false" isStatic="false" isGetter="false" isSetter="true">
              <Summary numSequencePoints="1" visitedSequencePoints="1" numBranchPoints="1" visitedBranchPoints="1" sequenceCoverage="100" branchCoverage="100" maxCyclomaticComplexity="1" minCyclomaticComplexity="1" maxCrapScore="1" minCrapScore="1" visitedClasses="0" numClasses="0" visitedMethods="1" numMethods="1" />
              <MetadataToken>100663302</MetadataToken>
              <Name>System.Void BLL.Human::set_Name(System.String)</Name>
              <FileRef uid="5" />
              <SequencePoints>
                <SequencePoint vc="5" uspid="287" ordinal="0" offset="0" sl="14" sc="35" el="14" ec="39" bec="0" bev="0" fileid="5" />
              </SequencePoints>
              <BranchPoints />
              <MethodPoint xsi:type="SequencePoint" vc="5" uspid="287" ordinal="0" offset="0" sl="14" sc="35" el="14" ec="39" bec="0" bev="0" fileid="5" />
            </Method>
            <Method visited="true" cyclomaticComplexity="1" nPathComplexity="0" sequenceCoverage="100" branchCoverage="100" crapScore="1" isConstructor="false" isStatic="false" isGetter="true" isSetter="false">
              <Summary numSequencePoints="1" visitedSequencePoints="1" numBranchPoints="1" visitedBranchPoints="1" sequenceCoverage="100" branchCoverage="100" maxCyclomaticComplexity="1" minCyclomaticComplexity="1" maxCrapScore="1" minCrapScore="1" visitedClasses="0" numClasses="0" visitedMethods="1" numMethods="1" />
              <MetadataToken>100663303</MetadataToken>
              <Name>System.String BLL.Human::get_Surname()</Name>
              <FileRef uid="5" />
              <SequencePoints>
                <SequencePoint vc="3" uspid="288" ordinal="0" offset="0" sl="15" sc="33" el="15" ec="37" bec="0" bev="0" fileid="5" />
              </SequencePoints>
              <BranchPoints />
              <MethodPoint xsi:type="SequencePoint" vc="3" uspid="288" ordinal="0" offset="0" sl="15" sc="33" el="15" ec="37" bec="0" bev="0" fileid="5" />
            </Method>
            <Method visited="true" cyclomaticComplexity="1" nPathComplexity="0" sequenceCoverage="100" branchCoverage="100" crapScore="1" isConstructor="false" isStatic="false" isGetter="false" isSetter="true">
              <Summary numSequencePoints="1" visitedSequencePoints="1" numBranchPoints="1" visitedBranchPoints="1" sequenceCoverage="100" branchCoverage="100" maxCyclomaticComplexity="1" minCyclomaticComplexity="1" maxCrapScore="1" minCrapScore="1" visitedClasses="0" numClasses="0" visitedMethods="1" numMethods="1" />
              <MetadataToken>100663304</MetadataToken>
              <Name>System.Void BLL.Human::set_Surname(System.String)</Name>
              <FileRef uid="5" />
              <SequencePoints>
                <SequencePoint vc="5" uspid="289" ordinal="0" offset="0" sl="15" sc="38" el="15" ec="42" bec="0" bev="0" fileid="5" />
              </SequencePoints>
              <BranchPoints />
              <MethodPoint xsi:type="SequencePoint" vc="5" uspid="289" ordinal="0" offset="0" sl="15" sc="38" el="15" ec="42" bec="0" bev="0" fileid="5" />
            </Method>
            <Method visited="true" cyclomaticComplexity="1" nPathComplexity="0" sequenceCoverage="100" branchCoverage="100" crapScore="1" isConstructor="false" isStatic="false" isGetter="true" isSetter="false">
              <Summary numSequencePoints="3" visitedSequencePoints="3" numBranchPoints="1" visitedBranchPoints="1" sequenceCoverage="100" branchCoverage="100" maxCyclomaticComplexity="1" minCyclomaticComplexity="1" maxCrapScore="1" minCrapScore="1" visitedClasses="0" numClasses="0" visitedMethods="1" numMethods="1" />
              <MetadataToken>100663305</MetadataToken>
              <Name>System.String BLL.Human::get_IdentificationCode()</Name>
              <FileRef uid="5" />
              <SequencePoints>
                <SequencePoint vc="3" uspid="290" ordinal="0" offset="0" sl="19" sc="13" el="19" ec="14" bec="0" bev="0" fileid="5" />
                <SequencePoint vc="3" uspid="291" ordinal="1" offset="1" sl="20" sc="17" el="20" ec="43" bec="0" bev="0" fileid="5" />
                <SequencePoint vc="3" uspid="292" ordinal="2" offset="10" sl="21" sc="13" el="21" ec="14" bec="0" bev="0" fileid="5" />
              </SequencePoints>
              <BranchPoints />
              <MethodPoint xsi:type="SequencePoint" vc="3" uspid="290" ordinal="0" offset="0" sl="19" sc="13" el="19" ec="14" bec="0" bev="0" fileid="5" />
            </Method>
            <Method visited="true" cyclomaticComplexity="2" nPathComplexity="2" sequenceCoverage="100" branchCoverage="100" crapScore="2" isConstructor="false" isStatic="false" isGetter="false" isSetter="true">
              <Summary numSequencePoints="8" visitedSequencePoints="8" numBranchPoints="3" visitedBranchPoints="3" sequenceCoverage="100" branchCoverage="100" maxCyclomaticComplexity="2" minCyclomaticComplexity="2" maxCrapScore="2" minCrapScore="2" visitedClasses="0" numClasses="0" visitedMethods="1" numMethods="1" />
              <MetadataToken>100663306</MetadataToken>
              <Name>System.Void BLL.Human::set_IdentificationCode(System.String)</Name>
              <FileRef uid="5" />
              <SequencePoints>
                <SequencePoint vc="6" uspid="293" ordinal="0" offset="0" sl="23" sc="13" el="23" ec="14" bec="0" bev="0" fileid="5" />
                <SequencePoint vc="6" uspid="294" ordinal="1" offset="1" sl="24" sc="17" el="24" ec="71" bec="2" bev="2" fileid="5" />
                <SequencePoint vc="5" uspid="295" ordinal="2" offset="16" sl="25" sc="17" el="25" ec="18" bec="0" bev="0" fileid="5" />
                <SequencePoint vc="5" uspid="296" ordinal="3" offset="17" sl="26" sc="21" el="26" ec="48" bec="0" bev="0" fileid="5" />
                <SequencePoint vc="5" uspid="297" ordinal="4" offset="24" sl="27" sc="17" el="27" ec="18" bec="0" bev="0" fileid="5" />
                <SequencePoint vc="1" uspid="298" ordinal="5" offset="27" sl="29" sc="17" el="29" ec="18" bec="0" bev="0" fileid="5" />
                <SequencePoint vc="1" uspid="299" ordinal="6" offset="28" sl="30" sc="21" el="30" ec="70" bec="0" bev="0" fileid="5" />
                <SequencePoint vc="5" uspid="300" ordinal="7" offset="39" sl="32" sc="13" el="32" ec="14" bec="0" bev="0" fileid="5" />
              </SequencePoints>
              <BranchPoints>
                <BranchPoint vc="5" uspid="301" ordinal="0" offset="14" sl="24" path="0" offsetend="16" fileid="5" />
                <BranchPoint vc="1" uspid="302" ordinal="1" offset="14" sl="24" path="1" offsetend="27" fileid="5" />
              </BranchPoints>
              <MethodPoint xsi:type="SequencePoint" vc="6" uspid="293" ordinal="0" offset="0" sl="23" sc="13" el="23" ec="14" bec="0" bev="0" fileid="5" />
            </Method>
            <Method visited="true" cyclomaticComplexity="1" nPathComplexity="0" sequenceCoverage="100" branchCoverage="100" crapScore="1" isConstructor="false" isStatic="false" isGetter="true" isSetter="false">
              <Summary numSequencePoints="3" visitedSequencePoints="3" numBranchPoints="1" visitedBranchPoints="1" sequenceCoverage="100" branchCoverage="100" maxCyclomaticComplexity="1" minCyclomaticComplexity="1" maxCrapScore="1" minCrapScore="1" visitedClasses="0" numClasses="0" visitedMethods="1" numMethods="1" />
              <MetadataToken>100663307</MetadataToken>
              <Name>System.String BLL.Human::get_Sex()</Name>
              <FileRef uid="5" />
              <SequencePoints>
                <SequencePoint vc="5" uspid="303" ordinal="0" offset="0" sl="36" sc="17" el="36" ec="18" bec="0" bev="0" fileid="5" />
                <SequencePoint vc="5" uspid="304" ordinal="1" offset="1" sl="36" sc="19" el="36" ec="30" bec="0" bev="0" fileid="5" />
                <SequencePoint vc="5" uspid="305" ordinal="2" offset="10" sl="36" sc="31" el="36" ec="32" bec="0" bev="0" fileid="5" />
              </SequencePoints>
              <BranchPoints />
              <MethodPoint xsi:type="SequencePoint" vc="5" uspid="303" ordinal="0" offset="0" sl="36" sc="17" el="36" ec="18" bec="0" bev="0" fileid="5" />
            </Method>
            <Method visited="true" cyclomaticComplexity="2" nPathComplexity="2" sequenceCoverage="100" branchCoverage="100" crapScore="2" isConstructor="false" isStatic="false" isGetter="false" isSetter="true">
              <Summary numSequencePoints="8" visitedSequencePoints="8" numBranchPoints="3" visitedBranchPoints="3" sequenceCoverage="100" branchCoverage="100" maxCyclomaticComplexity="2" minCyclomaticComplexity="2" maxCrapScore="2" minCrapScore="2" visitedClasses="0" numClasses="0" visitedMethods="1" numMethods="1" />
              <MetadataToken>100663308</MetadataToken>
              <Name>System.Void BLL.Human::set_Sex(System.String)</Name>
              <FileRef uid="5" />
              <SequencePoints>
                <SequencePoint vc="6" uspid="306" ordinal="0" offset="0" sl="38" sc="13" el="38" ec="14" bec="0" bev="0" fileid="5" />
                <SequencePoint vc="6" uspid="307" ordinal="1" offset="1" sl="39" sc="17" el="39" ec="48" bec="2" bev="2" fileid="5" />
                <SequencePoint vc="5" uspid="308" ordinal="2" offset="11" sl="40" sc="17" el="40" ec="18" bec="0" bev="0" fileid="5" />
                <SequencePoint vc="5" uspid="309" ordinal="3" offset="12" sl="41" sc="21" el="41" ec="33" bec="0" bev="0" fileid="5" />
                <SequencePoint vc="5" uspid="310" ordinal="4" offset="19" sl="42" sc="17" el="42" ec="18" bec="0" bev="0" fileid="5" />
                <SequencePoint vc="1" uspid="311" ordinal="5" offset="22" sl="44" sc="17" el="44" ec="18" bec="0" bev="0" fileid="5" />
                <SequencePoint vc="1" uspid="312" ordinal="6" offset="23" sl="45" sc="21" el="45" ec="77" bec="0" bev="0" fileid="5" />
                <SequencePoint vc="5" uspid="313" ordinal="7" offset="34" sl="47" sc="13" el="47" ec="14" bec="0" bev="0" fileid="5" />
              </SequencePoints>
              <BranchPoints>
                <BranchPoint vc="5" uspid="314" ordinal="0" offset="9" sl="39" path="0" offsetend="11" fileid="5" />
                <BranchPoint vc="1" uspid="315" ordinal="1" offset="9" sl="39" path="1" offsetend="22" fileid="5" />
              </BranchPoints>
              <MethodPoint xsi:type="SequencePoint" vc="6" uspid="306" ordinal="0" offset="0" sl="38" sc="13" el="38" ec="14" bec="0" bev="0" fileid="5" />
            </Method>
            <Method visited="true" cyclomaticComplexity="1" nPathComplexity="0" sequenceCoverage="100" branchCoverage="100" crapScore="1" isConstructor="false" isStatic="false" isGetter="true" isSetter="false">
              <Summary numSequencePoints="3" visitedSequencePoints="3" numBranchPoints="1" visitedBranchPoints="1" sequenceCoverage="100" branchCoverage="100" maxCyclomaticComplexity="1" minCyclomaticComplexity="1" maxCrapScore="1" minCrapScore="1" visitedClasses="0" numClasses="0" visitedMethods="1" numMethods="1" />
              <MetadataToken>100663309</MetadataToken>
              <Name>System.String BLL.Human::get_Coocking()</Name>
              <FileRef uid="5" />
              <SequencePoints>
                <SequencePoint vc="3" uspid="316" ordinal="0" offset="0" sl="51" sc="17" el="51" ec="18" bec="0" bev="0" fileid="5" />
                <SequencePoint vc="3" uspid="317" ordinal="1" offset="1" sl="51" sc="19" el="51" ec="35" bec="0" bev="0" fileid="5" />
                <SequencePoint vc="3" uspid="318" ordinal="2" offset="10" sl="51" sc="36" el="51" ec="37" bec="0" bev="0" fileid="5" />
              </SequencePoints>
              <BranchPoints />
              <MethodPoint xsi:type="SequencePoint" vc="3" uspid="316" ordinal="0" offset="0" sl="51" sc="17" el="51" ec="18" bec="0" bev="0" fileid="5" />
            </Method>
            <Method visited="true" cyclomaticComplexity="2" nPathComplexity="2" sequenceCoverage="100" branchCoverage="100" crapScore="2" isConstructor="false" isStatic="false" isGetter="false" isSetter="true">
              <Summary numSequencePoints="8" visitedSequencePoints="8" numBranchPoints="3" visitedBranchPoints="3" sequenceCoverage="100" branchCoverage="100" maxCyclomaticComplexity="2" minCyclomaticComplexity="2" maxCrapScore="2" minCrapScore="2" visitedClasses="0" numClasses="0" visitedMethods="1" numMethods="1" />
              <MetadataToken>100663310</MetadataToken>
              <Name>System.Void BLL.Human::set_Coocking(System.String)</Name>
              <FileRef uid="5" />
              <SequencePoints>
                <SequencePoint vc="6" uspid="319" ordinal="0" offset="0" sl="53" sc="13" el="53" ec="14" bec="0" bev="0" fileid="5" />
                <SequencePoint vc="6" uspid="320" ordinal="1" offset="1" sl="54" sc="17" el="54" ec="53" bec="2" bev="2" fileid="5" />
                <SequencePoint vc="5" uspid="321" ordinal="2" offset="11" sl="55" sc="17" el="55" ec="18" bec="0" bev="0" fileid="5" />
                <SequencePoint vc="5" uspid="322" ordinal="3" offset="12" sl="56" sc="21" el="56" ec="38" bec="0" bev="0" fileid="5" />
                <SequencePoint vc="5" uspid="323" ordinal="4" offset="19" sl="57" sc="17" el="57" ec="18" bec="0" bev="0" fileid="5" />
                <SequencePoint vc="1" uspid="324" ordinal="5" offset="22" sl="59" sc="17" el="59" ec="18" bec="0" bev="0" fileid="5" />
                <SequencePoint vc="1" uspid="325" ordinal="6" offset="23" sl="60" sc="21" el="60" ec="81" bec="0" bev="0" fileid="5" />
                <SequencePoint vc="5" uspid="326" ordinal="7" offset="34" sl="62" sc="13" el="62" ec="14" bec="0" bev="0" fileid="5" />
              </SequencePoints>
              <BranchPoints>
                <BranchPoint vc="5" uspid="327" ordinal="0" offset="9" sl="54" path="0" offsetend="11" fileid="5" />
                <BranchPoint vc="1" uspid="328" ordinal="1" offset="9" sl="54" path="1" offsetend="22" fileid="5" />
              </BranchPoints>
              <MethodPoint xsi:type="SequencePoint" vc="6" uspid="319" ordinal="0" offset="0" sl="53" sc="13" el="53" ec="14" bec="0" bev="0" fileid="5" />
            </Method>
            <Method visited="true" cyclomaticComplexity="1" nPathComplexity="0" sequenceCoverage="100" branchCoverage="100" crapScore="1" isConstructor="false" isStatic="false" isGetter="true" isSetter="false">
              <Summary numSequencePoints="3" visitedSequencePoints="3" numBranchPoints="1" visitedBranchPoints="1" sequenceCoverage="100" branchCoverage="100" maxCyclomaticComplexity="1" minCyclomaticComplexity="1" maxCrapScore="1" minCrapScore="1" visitedClasses="0" numClasses="0" visitedMethods="1" numMethods="1" />
              <MetadataToken>100663311</MetadataToken>
              <Name>System.String BLL.Human::get_EquipmentForEntertainment()</Name>
              <FileRef uid="5" />
              <SequencePoints>
                <SequencePoint vc="3" uspid="329" ordinal="0" offset="0" sl="66" sc="17" el="66" ec="18" bec="0" bev="0" fileid="5" />
                <SequencePoint vc="3" uspid="330" ordinal="1" offset="1" sl="66" sc="19" el="66" ec="52" bec="0" bev="0" fileid="5" />
                <SequencePoint vc="3" uspid="331" ordinal="2" offset="10" sl="66" sc="53" el="66" ec="54" bec="0" bev="0" fileid="5" />
              </SequencePoints>
              <BranchPoints />
              <MethodPoint xsi:type="SequencePoint" vc="3" uspid="329" ordinal="0" offset="0" sl="66" sc="17" el="66" ec="18" bec="0" bev="0" fileid="5" />
            </Method>
            <Method visited="true" cyclomaticComplexity="2" nPathComplexity="2" sequenceCoverage="100" branchCoverage="100" crapScore="2" isConstructor="false" isStatic="false" isGetter="false" isSetter="true">
              <Summary numSequencePoints="8" visitedSequencePoints="8" numBranchPoints="3" visitedBranchPoints="3" sequenceCoverage="100" branchCoverage="100" maxCyclomaticComplexity="2" minCyclomaticComplexity="2" maxCrapScore="2" minCrapScore="2" visitedClasses="0" numClasses="0" visitedMethods="1" numMethods="1" />
              <MetadataToken>100663312</MetadataToken>
              <Name>System.Void BLL.Human::set_EquipmentForEntertainment(System.String)</Name>
              <FileRef uid="5" />
              <SequencePoints>
                <SequencePoint vc="6" uspid="332" ordinal="0" offset="0" sl="68" sc="13" el="68" ec="14" bec="0" bev="0" fileid="5" />
                <SequencePoint vc="6" uspid="333" ordinal="1" offset="1" sl="69" sc="17" el="69" ec="78" bec="2" bev="2" fileid="5" />
                <SequencePoint vc="5" uspid="334" ordinal="2" offset="11" sl="70" sc="17" el="70" ec="18" bec="0" bev="0" fileid="5" />
                <SequencePoint vc="5" uspid="335" ordinal="3" offset="12" sl="71" sc="21" el="71" ec="55" bec="0" bev="0" fileid="5" />
[...]
              <MetadataToken>100663317</MetadataToken>
              <Name>System.Void BLL.Student::.ctor()</Name>
              <FileRef uid="7" />
              <SequencePoints>
                <SequencePoint vc="13" uspid="405" ordinal="0" offset="0" sl="16" sc="9" el="16" ec="25" bec="0" bev="0" fileid="7" />
                <SequencePoint vc="13" uspid="406" ordinal="1" offset="7" sl="17" sc="9" el="17" ec="10" bec="0" bev="0" fileid="7" />
                <SequencePoint vc="13" uspid="407" ordinal="2" offset="8" sl="18" sc="9" el="18" ec="10" bec="0" bev="0" fileid="7" />
              </SequencePoints>
              <BranchPoints />
              <MethodPoint xsi:type="SequencePoint" vc="13" uspid="405" ordinal="0" offset="0" sl="16" sc="9" el="16" ec="25" bec="0" bev="0" fileid="7" />
            </Method>
          </Methods>
        </Class>
        <Class>
          <Summary numSequencePoints="3" visitedSequencePoints="3" numBranchPoints="1" visitedBranchPoints="1" sequenceCoverage="100" branchCoverage="100" maxCyclomaticComplexity="1" minCyclomaticComplexity="1" maxCrapScore="1" minCrapScore="1" visitedClasses="1" numClasses="1" visitedMethods="1" numMethods="1" />
          <FullName>BLL.ExceptionClass.CatchExceptions</FullName>
          <Methods>
            <Method visited="true" cyclomaticComplexity="1" nPathComplexity="0" sequenceCoverage="100" branchCoverage="100" crapScore="1" isConstructor="true" isStatic="false" isGetter="false" isSetter="false">
              <Summary numSequencePoints="3" visitedSequencePoints="3" numBranchPoints="1" visitedBranchPoints="1" sequenceCoverage="100" branchCoverage="100" maxCyclomaticComplexity="1" minCyclomaticComplexity="1" maxCrapScore="1" minCrapScore="1" visitedClasses="0" numClasses="0" visitedMethods="1" numMethods="1" />
              <MetadataToken>100663326</MetadataToken>
              <Name>System.Void BLL.ExceptionClass.CatchExceptions::.ctor(System.String)</Name>
              <FileRef uid="8" />
              <SequencePoints>
                <SequencePoint vc="10" uspid="408" ordinal="0" offset="0" sl="11" sc="50" el="11" ec="63" bec="0" bev="0" fileid="8" />
                <SequencePoint vc="10" uspid="409" ordinal="1" offset="8" sl="11" sc="64" el="11" ec="65" bec="0" bev="0" fileid="8" />
                <SequencePoint vc="10" uspid="410" ordinal="2" offset="9" sl="11" sc="66" el="11" ec="67" bec="0" bev="0" fileid="8" />
              </SequencePoints>
              <BranchPoints />
              <MethodPoint xsi:type="SequencePoint" vc="10" uspid="408" ordinal="0" offset="0" sl="11" sc="50" el="11" ec="63" bec="0" bev="0" fileid="8" />
            </Method>
          </Methods>
        </Class>
        <Class>
          <Summary numSequencePoints="49" visitedSequencePoints="49" numBranchPoints="31" visitedBranchPoints="28" sequenceCoverage="100" branchCoverage="90.32" maxCyclomaticComplexity="3" minCyclomaticComplexity="1" maxCrapScore="3" minCrapScore="1" visitedClasses="1" numClasses="1" visitedMethods="7" numMethods="7" />
          <FullName>BLL.ExceptionClass.ExceptionsCheck</FullName>
          <Methods>
            <Method visited="true" cyclomaticComplexity="3" nPathComplexity="4" sequenceCoverage="100" branchCoverage="100" crapScore="3" isConstructor="false" isStatic="true" isGetter="false" isSetter="false">
              <Summary numSequencePoints="8" visitedSequencePoints="8" numBranchPoints="5" visitedBranchPoints="5" sequenceCoverage="100" branchCoverage="100" maxCyclomaticComplexity="3" minCyclomaticComplexity="3" maxCrapScore="3" minCrapScore="3" visitedClasses="0" numClasses="0" visitedMethods="1" numMethods="1" />
              <MetadataToken>100663327</MetadataToken>
              <Name>System.Boolean BLL.ExceptionClass.ExceptionsCheck::Sex(System.String)</Name>
              <FileRef uid="9" />
              <SequencePoints>
                <SequencePoint vc="6" uspid="411" ordinal="0" offset="0" sl="14" sc="9" el="14" ec="10" bec="0" bev="0" fileid="9" />
                <SequencePoint vc="6" uspid="412" ordinal="1" offset="1" sl="15" sc="13" el="15" ec="33" bec="0" bev="0" fileid="9" />
                <SequencePoint vc="6" uspid="413" ordinal="2" offset="9" sl="16" sc="13" el="16" ec="54" bec="4" bev="4" fileid="9" />
                <SequencePoint vc="5" uspid="414" ordinal="3" offset="40" sl="17" sc="13" el="17" ec="14" bec="0" bev="0" fileid="9" />
                <SequencePoint vc="5" uspid="415" ordinal="4" offset="41" sl="18" sc="17" el="18" ec="29" bec="0" bev="0" fileid="9" />
                <SequencePoint vc="1" uspid="416" ordinal="5" offset="45" sl="21" sc="13" el="21" ec="14" bec="0" bev="0" fileid="9" />
                <SequencePoint vc="1" uspid="417" ordinal="6" offset="46" sl="22" sc="17" el="22" ec="30" bec="0" bev="0" fileid="9" />
                <SequencePoint vc="6" uspid="418" ordinal="7" offset="50" sl="24" sc="9" el="24" ec="10" bec="0" bev="0" fileid="9" />
              </SequencePoints>
              <BranchPoints>
                <BranchPoint vc="3" uspid="419" ordinal="0" offset="20" sl="16" path="0" offsetend="22" fileid="9" />
                <BranchPoint vc="3" uspid="420" ordinal="1" offset="20" sl="16" path="1" offsetend="35" fileid="9" />
                <BranchPoint vc="5" uspid="421" ordinal="2" offset="38" sl="16" path="0" offsetend="40" fileid="9" />
                <BranchPoint vc="1" uspid="422" ordinal="3" offset="38" sl="16" path="1" offsetend="45" fileid="9" />
              </BranchPoints>
              <MethodPoint xsi:type="SequencePoint" vc="6" uspid="411" ordinal="0" offset="0" sl="14" sc="9" el="14" ec="10" bec="0" bev="0" fileid="9" />
            </Method>
            <Method visited="true" cyclomaticComplexity="3" nPathComplexity="4" sequenceCoverage="100" branchCoverage="100" crapScore="3" isConstructor="false" isStatic="true" isGetter="false" isSetter="false">
              <Summary numSequencePoints="8" visitedSequencePoints="8" numBranchPoints="5" visitedBranchPoints="5" sequenceCoverage="100" branchCoverage="100" maxCyclomaticComplexity="3" minCyclomaticComplexity="3" maxCrapScore="3" minCrapScore="3" visitedClasses="0" numClasses="0" visitedMethods="1" numMethods="1" />
              <MetadataToken>100663328</MetadataToken>
              <Name>System.Boolean BLL.ExceptionClass.ExceptionsCheck::Coocking(System.String)</Name>
              <FileRef uid="9" />
              <SequencePoints>
                <SequencePoint vc="6" uspid="423" ordinal="0" offset="0" sl="26" sc="9" el="26" ec="10" bec="0" bev="0" fileid="9" />
                <SequencePoint vc="6" uspid="424" ordinal="1" offset="1" sl="27" sc="13" el="27" ec="37" bec="0" bev="0" fileid="9" />
                <SequencePoint vc="6" uspid="425" ordinal="2" offset="9" sl="28" sc="13" el="28" ec="49" bec="4" bev="4" fileid="9" />
                <SequencePoint vc="5" uspid="426" ordinal="3" offset="40" sl="29" sc="13" el="29" ec="14" bec="0" bev="0" fileid="9" />
                <SequencePoint vc="5" uspid="427" ordinal="4" offset="41" sl="30" sc="17" el="30" ec="29" bec="0" bev="0" fileid="9" />
                <SequencePoint vc="1" uspid="428" ordinal="5" offset="45" sl="33" sc="13" el="33" ec="14" bec="0" bev="0" fileid="9" />
                <SequencePoint vc="1" uspid="429" ordinal="6" offset="46" sl="34" sc="17" el="34" ec="30" bec="0" bev="0" fileid="9" />
                <SequencePoint vc="6" uspid="430" ordinal="7" offset="50" sl="36" sc="9" el="36" ec="10" bec="0" bev="0" fileid="9" />
              </SequencePoints>
              <BranchPoints>
                <BranchPoint vc="1" uspid="431" ordinal="0" offset="20" sl="28" path="0" offsetend="22" fileid="9" />
                <BranchPoint vc="5" uspid="432" ordinal="1" offset="20" sl="28" path="1" offsetend="35" fileid="9" />
                <BranchPoint vc="5" uspid="433" ordinal="2" offset="38" sl="28" path="0" offsetend="40" fileid="9" />
                <BranchPoint vc="1" uspid="434" ordinal="3" offset="38" sl="28" path="1" offsetend="45" fileid="9" />
              </BranchPoints>
              <MethodPoint xsi:type="SequencePoint" vc="6" uspid="423" ordinal="0" offset="0" sl="26" sc="9" el="26" ec="10" bec="0" bev="0" fileid="9" />
            </Method>
            <Method visited="true" cyclomaticComplexity="3" nPathComplexity="4" sequenceCoverage="100" branchCoverage="80" crapScore="3" isConstructor="false" isStatic="true" isGetter="false" isSetter="false">
              <Summary numSequencePoints="7" visitedSequencePoints="7" numBranchPoints="5" visitedBranchPoints="4" sequenceCoverage="100" branchCoverage="80" maxCyclomaticComplexity="3" minCyclomaticComplexity="3" maxCrapScore="3" minCrapScore="3" visitedClasses="0" numClasses="0" visitedMethods="1" numMethods="1" />
              <MetadataToken>100663329</MetadataToken>
              <Name>System.Boolean BLL.ExceptionClass.ExceptionsCheck::Course(System.Int32)</Name>
              <FileRef uid="9" />
              <SequencePoints>
                <SequencePoint vc="6" uspid="435" ordinal="0" offset="0" sl="39" sc="9" el="39" ec="10" bec="0" bev="0" fileid="9" />
                <SequencePoint vc="6" uspid="436" ordinal="1" offset="1" sl="40" sc="13" el="40" ec="42" bec="4" bev="3" fileid="9" />
                <SequencePoint vc="5" uspid="437" ordinal="2" offset="16" sl="41" sc="13" el="41" ec="14" bec="0" bev="0" fileid="9" />
                <SequencePoint vc="5" uspid="438" ordinal="3" offset="17" sl="42" sc="17" el="42" ec="29" bec="0" bev="0" fileid="9" />
                <SequencePoint vc="1" uspid="439" ordinal="4" offset="21" sl="45" sc="13" el="45" ec="14" bec="0" bev="0" fileid="9" />
                <SequencePoint vc="1" uspid="440" ordinal="5" offset="22" sl="46" sc="17" el="46" ec="30" bec="0" bev="0" fileid="9" />
                <SequencePoint vc="6" uspid="441" ordinal="6" offset="26" sl="48" sc="9" el="48" ec="10" bec="0" bev="0" fileid="9" />
              </SequencePoints>
              <BranchPoints>
                <BranchPoint vc="6" uspid="442" ordinal="0" offset="3" sl="40" path="0" offsetend="5" fileid="9" />
                <BranchPoint vc="0" uspid="443" ordinal="1" offset="3" sl="40" path="1" offsetend="11" fileid="9" />
                <BranchPoint vc="5" uspid="444" ordinal="2" offset="14" sl="40" path="0" offsetend="16" fileid="9" />
                <BranchPoint vc="1" uspid="445" ordinal="3" offset="14" sl="40" path="1" offsetend="21" fileid="9" />
              </BranchPoints>
              <MethodPoint xsi:type="SequencePoint" vc="6" uspid="435" ordinal="0" offset="0" sl="39" sc="9" el="39" ec="10" bec="0" bev="0" fileid="9" />
            </Method>
            <Method visited="true" cyclomaticComplexity="3" nPathComplexity="4" sequenceCoverage="100" branchCoverage="100" crapScore="3" isConstructor="false" isStatic="true" isGetter="false" isSetter="false">
              <Summary numSequencePoints="10" visitedSequencePoints="10" numBranchPoints="5" visitedBranchPoints="5" sequenceCoverage="100" branchCoverage="100" maxCyclomaticComplexity="3" minCyclomaticComplexity="3" maxCrapScore="3" minCrapScore="3" visitedClasses="0" numClasses="0" visitedMethods="1" numMethods="1" />
              <MetadataToken>100663330</MetadataToken>
              <Name>System.Boolean BLL.ExceptionClass.ExceptionsCheck::AverageMark(System.Double)</Name>
              <FileRef uid="9" />
              <SequencePoints>
                <SequencePoint vc="5" uspid="446" ordinal="0" offset="0" sl="50" sc="9" el="50" ec="10" bec="0" bev="0" fileid="9" />
                <SequencePoint vc="5" uspid="447" ordinal="1" offset="1" sl="51" sc="13" el="51" ec="26" bec="2" bev="2" fileid="9" />
                <SequencePoint vc="1" uspid="448" ordinal="2" offset="17" sl="52" sc="13" el="52" ec="14" bec="0" bev="0" fileid="9" />
                <SequencePoint vc="1" uspid="449" ordinal="3" offset="18" sl="53" sc="17" el="53" ec="30" bec="0" bev="0" fileid="9" />
                <SequencePoint vc="4" uspid="450" ordinal="4" offset="22" sl="55" sc="18" el="55" ec="31" bec="2" bev="2" fileid="9" />
                <SequencePoint vc="1" uspid="451" ordinal="5" offset="38" sl="56" sc="13" el="56" ec="14" bec="0" bev="0" fileid="9" />
                <SequencePoint vc="1" uspid="452" ordinal="6" offset="39" sl="57" sc="17" el="57" ec="30" bec="0" bev="0" fileid="9" />
                <SequencePoint vc="3" uspid="453" ordinal="7" offset="43" sl="60" sc="13" el="60" ec="14" bec="0" bev="0" fileid="9" />
                <SequencePoint vc="3" uspid="454" ordinal="8" offset="44" sl="61" sc="17" el="61" ec="29" bec="0" bev="0" fileid="9" />
                <SequencePoint vc="5" uspid="455" ordinal="9" offset="48" sl="64" sc="9" el="64" ec="10" bec="0" bev="0" fileid="9" />
              </SequencePoints>
              <BranchPoints>
                <BranchPoint vc="1" uspid="456" ordinal="0" offset="15" sl="51" path="0" offsetend="17" fileid="9" />
                <BranchPoint vc="4" uspid="457" ordinal="1" offset="15" sl="51" path="1" offsetend="22" fileid="9" />
                <BranchPoint vc="1" uspid="458" ordinal="2" offset="36" sl="55" path="0" offsetend="38" fileid="9" />
                <BranchPoint vc="3" uspid="459" ordinal="3" offset="36" sl="55" path="1" offsetend="43" fileid="9" />
              </BranchPoints>
              <MethodPoint xsi:type="SequencePoint" vc="5" uspid="446" ordinal="0" offset="0" sl="50" sc="9" el="50" ec="10" bec="0" bev="0" fileid="9" />
            </Method>
            <Method visited="true" cyclomaticComplexity="3" nPathComplexity="4" sequenceCoverage="100" branchCoverage="80" crapScore="3" isConstructor="false" isStatic="true" isGetter="false" isSetter="false">
              <Summary numSequencePoints="7" visitedSequencePoints="7" numBranchPoints="5" visitedBranchPoints="4" sequenceCoverage="100" branchCoverage="80" maxCyclomaticComplexity="3" minCyclomaticComplexity="3" maxCrapScore="3" minCrapScore="3" visitedClasses="0" numClasses="0" visitedMethods="1" numMethods="1" />
              <MetadataToken>100663331</MetadataToken>
              <Name>System.Boolean BLL.ExceptionClass.ExceptionsCheck::Diploma(System.String)</Name>
              <FileRef uid="9" />
              <SequencePoints>
                <SequencePoint vc="4" uspid="460" ordinal="0" offset="0" sl="66" sc="9" el="66" ec="10" bec="0" bev="0" fileid="9" />
                <SequencePoint vc="4" uspid="461" ordinal="1" offset="1" sl="67" sc="13" el="67" ec="79" bec="4" bev="3" fileid="9" />
                <SequencePoint vc="3" uspid="462" ordinal="2" offset="32" sl="68" sc="13" el="68" ec="14" bec="0" bev="0" fileid="9" />
                <SequencePoint vc="3" uspid="463" ordinal="3" offset="33" sl="69" sc="17" el="69" ec="29" bec="0" bev="0" fileid="9" />
                <SequencePoint vc="1" uspid="464" ordinal="4" offset="37" sl="72" sc="13" el="72" ec="14" bec="0" bev="0" fileid="9" />
                <SequencePoint vc="1" uspid="465" ordinal="5" offset="38" sl="73" sc="17" el="73" ec="30" bec="0" bev="0" fileid="9" />
                <SequencePoint vc="4" uspid="466" ordinal="6" offset="42" sl="75" sc="9" el="75" ec="10" bec="0" bev="0" fileid="9" />
              </SequencePoints>
              <BranchPoints>
                <BranchPoint vc="4" uspid="467" ordinal="0" offset="12" sl="67" path="0" offsetend="14" fileid="9" />
                <BranchPoint vc="0" uspid="468" ordinal="1" offset="12" sl="67" path="1" offsetend="27" fileid="9" />
                <BranchPoint vc="3" uspid="469" ordinal="2" offset="30" sl="67" path="0" offsetend="32" fileid="9" />
                <BranchPoint vc="1" uspid="470" ordinal="3" offset="30" sl="67" path="1" offsetend="37" fileid="9" />
              </BranchPoints>
              <MethodPoint xsi:type="SequencePoint" vc="4" uspid="460" ordinal="0" offset="0" sl="66" sc="9" el="66" ec="10" bec="0" bev="0" fileid="9" />
            </Method>
            <Method visited="true" cyclomaticComplexity="3" nPathComplexity="4" sequenceCoverage="100" branchCoverage="80" crapScore="3" isConstructor="false" isStatic="true" isGetter="false" isSetter="false">
              <Summary numSequencePoints="7" visitedSequencePoints="7" numBranchPoints="5" visitedBranchPoints="4" sequenceCoverage="100" branchCoverage="80" maxCyclomaticComplexity="3" minCyclomaticComplexity="3" maxCrapScore="3" minCrapScore="3" visitedClasses="0" numClasses="0" visitedMethods="1" numMethods="1" />
              <MetadataToken>100663332</MetadataToken>
              <Name>System.Boolean BLL.ExceptionClass.ExceptionsCheck::EquipmentForEntertainment(System.String)</Name>
              <FileRef uid="9" />
              <SequencePoints>
                <SequencePoint vc="6" uspid="471" ordinal="0" offset="0" sl="77" sc="9" el="77" ec="10" bec="0" bev="0" fileid="9" />
                <SequencePoint vc="6" uspid="472" ordinal="1" offset="1" sl="78" sc="13" el="78" ec="68" bec="4" bev="3" fileid="9" />
                <SequencePoint vc="5" uspid="473" ordinal="2" offset="32" sl="79" sc="13" el="79" ec="14" bec="0" bev="0" fileid="9" />
                <SequencePoint vc="5" uspid="474" ordinal="3" offset="33" sl="80" sc="17" el="80" ec="29" bec="0" bev="0" fileid="9" />
                <SequencePoint vc="1" uspid="475" ordinal="4" offset="37" sl="83" sc="13" el="83" ec="14" bec="0" bev="0" fileid="9" />
                <SequencePoint vc="1" uspid="476" ordinal="5" offset="38" sl="84" sc="17" el="84" ec="30" bec="0" bev="0" fileid="9" />
                <SequencePoint vc="6" uspid="477" ordinal="6" offset="42" sl="86" sc="9" el="86" ec="10" bec="0" bev="0" fileid="9" />
              </SequencePoints>
              <BranchPoints>
                <BranchPoint vc="6" uspid="478" ordinal="0" offset="12" sl="78" path="0" offsetend="14" fileid="9" />
                <BranchPoint vc="0" uspid="479" ordinal="1" offset="12" sl="78" path="1" offsetend="27" fileid="9" />
                <BranchPoint vc="5" uspid="480" ordinal="2" offset="30" sl="78" path="0" offsetend="32" fileid="9" />
                <BranchPoint vc="1" uspid="481" ordinal="3" offset="30" sl="78" path="1" offsetend="37" fileid="9" />
              </BranchPoints>
              <MethodPoint xsi:type="SequencePoint" vc="6" uspid="471" ordinal="0" offset="0" sl="77" sc="9" el="77" ec="10" bec="0" bev="0" fileid="9" />
            </Method>
            <Method visited="true" cyclomaticComplexity="1" nPathComplexity="0" sequenceCoverage="100" branchCoverage="100" crapScore="1" isConstructor="true" isStatic="true" isGetter="false" isSetter="false">
              <Summary numSequencePoints="2" visitedSequencePoints="2" numBranchPoints="1" visitedBranchPoints="1" sequenceCoverage="100" branchCoverage="100" maxCyclomaticComplexity="1" minCyclomaticComplexity="1" maxCrapScore="1" minCrapScore="1" visitedClasses="0" numClasses="0" visitedMethods="1" numMethods="1" />
              <MetadataToken>100663333</MetadataToken>
              <Name>System.Void BLL.ExceptionClass.ExceptionsCheck::.cctor()</Name>
              <FileRef uid="9" />
              <SequencePoints>
                <SequencePoint vc="1" uspid="482" ordinal="0" offset="0" sl="12" sc="9" el="12" ec="82" bec="0" bev="0" fileid="9" />
                <SequencePoint vc="1" uspid="483" ordinal="1" offset="15" sl="37" sc="9" el="37" ec="83" bec="0" bev="0" fileid="9" />
              </SequencePoints>
              <BranchPoints />
              <MethodPoint xsi:type="SequencePoint" vc="1" uspid="482" ordinal="0" offset="0" sl="12" sc="9" el="12" ec="82" bec="0" bev="0" fileid="9" />
            </Method>
          </Methods>
        </Class>
      </Classes>
    </Module>
  </Modules>
</CoverageSession>